[0.777s] DEBUG:colcon:Command line arguments: ['/usr/bin/colcon', 'build']
[0.777s] DEBUG:colcon:Parsed command line arguments: Namespace(ament_cmake_args=None, base_paths='.', build_base='build', catkin_cmake_args=None, catkin_skip_building_tests=False, cmake_args=None, cmake_clean_cache=False, cmake_clean_first=False, cmake_force_configure=False, cmake_target=None, cmake_target_skip_unavailable=False, continue_on_error=False, event_handlers=None, executor='parallel', ignore_user_meta=False, install_base='install', log_base='log', log_level=None, main=<bound method BuildVerb.main of <colcon_core.verb.build.BuildVerb object at 0x7f7e960b7ef0>>, merge_install=False, metas='./colcon.meta', packages_above=None, packages_above_depth=None, packages_end=None, packages_ignore=None, packages_ignore_regex=None, packages_select=None, packages_select_build_failed=False, packages_select_by_dep=None, packages_select_regex=None, packages_select_test_failures=False, packages_skip=None, packages_skip_build_finished=False, packages_skip_by_dep=None, packages_skip_regex=None, packages_skip_test_passed=False, packages_skip_up_to=None, packages_start=None, packages_up_to=None, parallel_workers=1, paths=None, symlink_install=False, test_result_base=None, verb_extension=<colcon_core.verb.build.BuildVerb object at 0x7f7e960b7ef0>, verb_name='build', verb_parser=<colcon_defaults.argument_parser.defaults.DefaultArgumentsDecorator object at 0x7f7e960bf240>)
[1.008s] Level 1:colcon.colcon_core.package_discovery:discover_packages(colcon_meta) check parameters
[1.010s] Level 1:colcon.colcon_core.package_discovery:discover_packages(recursive) check parameters
[1.010s] Level 1:colcon.colcon_core.package_discovery:discover_packages(ignore) check parameters
[1.010s] Level 1:colcon.colcon_core.package_discovery:discover_packages(path) check parameters
[1.010s] Level 1:colcon.colcon_core.package_discovery:discover_packages(recursive) discover
[1.012s] INFO:colcon.colcon_core.package_discovery:Crawling recursively for packages in '/home/navi/Desktop/ros2_demo_1_1547429184/ros2_ws'
[1.012s] Level 1:colcon.colcon_core.package_identification:_identify(/home/navi/Desktop/ros2_demo_1_1547429184/ros2_ws) by extensions ['ignore', 'ignore_ament_install']
[1.013s] Level 1:colcon.colcon_core.package_identification:_identify(/home/navi/Desktop/ros2_demo_1_1547429184/ros2_ws) by extension 'ignore'
[1.014s] Level 1:colcon.colcon_core.package_identification:_identify(/home/navi/Desktop/ros2_demo_1_1547429184/ros2_ws) by extension 'ignore_ament_install'
[1.014s] Level 1:colcon.colcon_core.package_identification:_identify(/home/navi/Desktop/ros2_demo_1_1547429184/ros2_ws) by extensions ['colcon_pkg']
[1.015s] Level 1:colcon.colcon_core.package_identification:_identify(/home/navi/Desktop/ros2_demo_1_1547429184/ros2_ws) by extension 'colcon_pkg'
[1.015s] Level 1:colcon.colcon_core.package_identification:_identify(/home/navi/Desktop/ros2_demo_1_1547429184/ros2_ws) by extensions ['colcon_meta']
[1.016s] Level 1:colcon.colcon_core.package_identification:_identify(/home/navi/Desktop/ros2_demo_1_1547429184/ros2_ws) by extension 'colcon_meta'
[1.016s] Level 1:colcon.colcon_core.package_identification:_identify(/home/navi/Desktop/ros2_demo_1_1547429184/ros2_ws) by extensions ['ros']
[1.016s] Level 1:colcon.colcon_core.package_identification:_identify(/home/navi/Desktop/ros2_demo_1_1547429184/ros2_ws) by extension 'ros'
[1.070s] Level 1:colcon.colcon_core.package_identification:_identify(/home/navi/Desktop/ros2_demo_1_1547429184/ros2_ws) by extensions ['cmake', 'python']
[1.071s] Level 1:colcon.colcon_core.package_identification:_identify(/home/navi/Desktop/ros2_demo_1_1547429184/ros2_ws) by extension 'cmake'
[1.071s] Level 1:colcon.colcon_core.package_identification:_identify(/home/navi/Desktop/ros2_demo_1_1547429184/ros2_ws) by extension 'python'
[1.072s] Level 1:colcon.colcon_core.package_identification:_identify(/home/navi/Desktop/ros2_demo_1_1547429184/ros2_ws) by extensions ['python_setup_py']
[1.072s] Level 1:colcon.colcon_core.package_identification:_identify(/home/navi/Desktop/ros2_demo_1_1547429184/ros2_ws) by extension 'python_setup_py'
[1.073s] Level 1:colcon.colcon_core.package_identification:_identify(/home/navi/Desktop/ros2_demo_1_1547429184/ros2_ws/build) by extensions ['ignore', 'ignore_ament_install']
[1.074s] Level 1:colcon.colcon_core.package_identification:_identify(/home/navi/Desktop/ros2_demo_1_1547429184/ros2_ws/build) by extension 'ignore'
[1.074s] Level 1:colcon.colcon_core.package_identification:_identify(/home/navi/Desktop/ros2_demo_1_1547429184/ros2_ws/build) ignored
[1.076s] Level 1:colcon.colcon_core.package_identification:_identify(/home/navi/Desktop/ros2_demo_1_1547429184/ros2_ws/install) by extensions ['ignore', 'ignore_ament_install']
[1.076s] Level 1:colcon.colcon_core.package_identification:_identify(/home/navi/Desktop/ros2_demo_1_1547429184/ros2_ws/install) by extension 'ignore'
[1.077s] Level 1:colcon.colcon_core.package_identification:_identify(/home/navi/Desktop/ros2_demo_1_1547429184/ros2_ws/install) ignored
[1.077s] Level 1:colcon.colcon_core.package_identification:_identify(/home/navi/Desktop/ros2_demo_1_1547429184/ros2_ws/log) by extensions ['ignore', 'ignore_ament_install']
[1.078s] Level 1:colcon.colcon_core.package_identification:_identify(/home/navi/Desktop/ros2_demo_1_1547429184/ros2_ws/log) by extension 'ignore'
[1.078s] Level 1:colcon.colcon_core.package_identification:_identify(/home/navi/Desktop/ros2_demo_1_1547429184/ros2_ws/log) ignored
[1.079s] Level 1:colcon.colcon_core.package_identification:_identify(/home/navi/Desktop/ros2_demo_1_1547429184/ros2_ws/src) by extensions ['ignore', 'ignore_ament_install']
[1.079s] Level 1:colcon.colcon_core.package_identification:_identify(/home/navi/Desktop/ros2_demo_1_1547429184/ros2_ws/src) by extension 'ignore'
[1.080s] Level 1:colcon.colcon_core.package_identification:_identify(/home/navi/Desktop/ros2_demo_1_1547429184/ros2_ws/src) by extension 'ignore_ament_install'
[1.081s] Level 1:colcon.colcon_core.package_identification:_identify(/home/navi/Desktop/ros2_demo_1_1547429184/ros2_ws/src) by extensions ['colcon_pkg']
[1.081s] Level 1:colcon.colcon_core.package_identification:_identify(/home/navi/Desktop/ros2_demo_1_1547429184/ros2_ws/src) by extension 'colcon_pkg'
[1.081s] Level 1:colcon.colcon_core.package_identification:_identify(/home/navi/Desktop/ros2_demo_1_1547429184/ros2_ws/src) by extensions ['colcon_meta']
[1.082s] Level 1:colcon.colcon_core.package_identification:_identify(/home/navi/Desktop/ros2_demo_1_1547429184/ros2_ws/src) by extension 'colcon_meta'
[1.082s] Level 1:colcon.colcon_core.package_identification:_identify(/home/navi/Desktop/ros2_demo_1_1547429184/ros2_ws/src) by extensions ['ros']
[1.083s] Level 1:colcon.colcon_core.package_identification:_identify(/home/navi/Desktop/ros2_demo_1_1547429184/ros2_ws/src) by extension 'ros'
[1.083s] Level 1:colcon.colcon_core.package_identification:_identify(/home/navi/Desktop/ros2_demo_1_1547429184/ros2_ws/src) by extensions ['cmake', 'python']
[1.084s] Level 1:colcon.colcon_core.package_identification:_identify(/home/navi/Desktop/ros2_demo_1_1547429184/ros2_ws/src) by extension 'cmake'
[1.084s] Level 1:colcon.colcon_core.package_identification:_identify(/home/navi/Desktop/ros2_demo_1_1547429184/ros2_ws/src) by extension 'python'
[1.085s] Level 1:colcon.colcon_core.package_identification:_identify(/home/navi/Desktop/ros2_demo_1_1547429184/ros2_ws/src) by extensions ['python_setup_py']
[1.085s] Level 1:colcon.colcon_core.package_identification:_identify(/home/navi/Desktop/ros2_demo_1_1547429184/ros2_ws/src) by extension 'python_setup_py'
[1.086s] Level 1:colcon.colcon_core.package_identification:_identify(/home/navi/Desktop/ros2_demo_1_1547429184/ros2_ws/src/build) by extensions ['ignore', 'ignore_ament_install']
[1.086s] Level 1:colcon.colcon_core.package_identification:_identify(/home/navi/Desktop/ros2_demo_1_1547429184/ros2_ws/src/build) by extension 'ignore'
[1.087s] Level 1:colcon.colcon_core.package_identification:_identify(/home/navi/Desktop/ros2_demo_1_1547429184/ros2_ws/src/build) ignored
[1.087s] Level 1:colcon.colcon_core.package_identification:_identify(/home/navi/Desktop/ros2_demo_1_1547429184/ros2_ws/src/install) by extensions ['ignore', 'ignore_ament_install']
[1.088s] Level 1:colcon.colcon_core.package_identification:_identify(/home/navi/Desktop/ros2_demo_1_1547429184/ros2_ws/src/install) by extension 'ignore'
[1.088s] Level 1:colcon.colcon_core.package_identification:_identify(/home/navi/Desktop/ros2_demo_1_1547429184/ros2_ws/src/install) ignored
[1.089s] Level 1:colcon.colcon_core.package_identification:_identify(/home/navi/Desktop/ros2_demo_1_1547429184/ros2_ws/src/log) by extensions ['ignore', 'ignore_ament_install']
[1.089s] Level 1:colcon.colcon_core.package_identification:_identify(/home/navi/Desktop/ros2_demo_1_1547429184/ros2_ws/src/log) by extension 'ignore'
[1.090s] Level 1:colcon.colcon_core.package_identification:_identify(/home/navi/Desktop/ros2_demo_1_1547429184/ros2_ws/src/log) ignored
[1.090s] Level 1:colcon.colcon_core.package_identification:_identify(/home/navi/Desktop/ros2_demo_1_1547429184/ros2_ws/src/ros2_pub_py) by extensions ['ignore', 'ignore_ament_install']
[1.091s] Level 1:colcon.colcon_core.package_identification:_identify(/home/navi/Desktop/ros2_demo_1_1547429184/ros2_ws/src/ros2_pub_py) by extension 'ignore'
[1.091s] Level 1:colcon.colcon_core.package_identification:_identify(/home/navi/Desktop/ros2_demo_1_1547429184/ros2_ws/src/ros2_pub_py) by extension 'ignore_ament_install'
[1.092s] Level 1:colcon.colcon_core.package_identification:_identify(/home/navi/Desktop/ros2_demo_1_1547429184/ros2_ws/src/ros2_pub_py) by extensions ['colcon_pkg']
[1.092s] Level 1:colcon.colcon_core.package_identification:_identify(/home/navi/Desktop/ros2_demo_1_1547429184/ros2_ws/src/ros2_pub_py) by extension 'colcon_pkg'
[1.093s] Level 1:colcon.colcon_core.package_identification:_identify(/home/navi/Desktop/ros2_demo_1_1547429184/ros2_ws/src/ros2_pub_py) by extensions ['colcon_meta']
[1.093s] Level 1:colcon.colcon_core.package_identification:_identify(/home/navi/Desktop/ros2_demo_1_1547429184/ros2_ws/src/ros2_pub_py) by extension 'colcon_meta'
[1.093s] Level 1:colcon.colcon_core.package_identification:_identify(/home/navi/Desktop/ros2_demo_1_1547429184/ros2_ws/src/ros2_pub_py) by extensions ['ros']
[1.094s] Level 1:colcon.colcon_core.package_identification:_identify(/home/navi/Desktop/ros2_demo_1_1547429184/ros2_ws/src/ros2_pub_py) by extension 'ros'
[1.110s] DEBUG:colcon.colcon_core.package_identification:Package '/home/navi/Desktop/ros2_demo_1_1547429184/ros2_ws/src/ros2_pub_py' with type 'ros.ament_python' and name 'ros2_pub_py'
[1.110s] Level 1:colcon.colcon_core.package_discovery:discover_packages(recursive) using defaults
[1.137s] Level 5:colcon.colcon_core.verb:set package 'ros2_pub_py' build argument 'cmake_args' from command line to 'None'
[1.137s] Level 5:colcon.colcon_core.verb:set package 'ros2_pub_py' build argument 'cmake_target' from command line to 'None'
[1.137s] Level 5:colcon.colcon_core.verb:set package 'ros2_pub_py' build argument 'cmake_target_skip_unavailable' from command line to 'False'
[1.137s] Level 5:colcon.colcon_core.verb:set package 'ros2_pub_py' build argument 'cmake_clean_cache' from command line to 'False'
[1.138s] Level 5:colcon.colcon_core.verb:set package 'ros2_pub_py' build argument 'cmake_clean_first' from command line to 'False'
[1.138s] Level 5:colcon.colcon_core.verb:set package 'ros2_pub_py' build argument 'cmake_force_configure' from command line to 'False'
[1.138s] Level 5:colcon.colcon_core.verb:set package 'ros2_pub_py' build argument 'ament_cmake_args' from command line to 'None'
[1.138s] Level 5:colcon.colcon_core.verb:set package 'ros2_pub_py' build argument 'catkin_cmake_args' from command line to 'None'
[1.138s] Level 5:colcon.colcon_core.verb:set package 'ros2_pub_py' build argument 'catkin_skip_building_tests' from command line to 'False'
[1.139s] DEBUG:colcon.colcon_core.verb:Building package 'ros2_pub_py' with the following arguments: {'ament_cmake_args': None, 'build_base': '/home/navi/Desktop/ros2_demo_1_1547429184/ros2_ws/build/ros2_pub_py', 'catkin_cmake_args': None, 'catkin_skip_building_tests': False, 'cmake_args': None, 'cmake_clean_cache': False, 'cmake_clean_first': False, 'cmake_force_configure': False, 'cmake_target': None, 'cmake_target_skip_unavailable': False, 'install_base': '/home/navi/Desktop/ros2_demo_1_1547429184/ros2_ws/install/ros2_pub_py', 'merge_install': False, 'path': '/home/navi/Desktop/ros2_demo_1_1547429184/ros2_ws/src/ros2_pub_py', 'symlink_install': False, 'test_result_base': None}
[1.148s] INFO:colcon.colcon_core.executor:Executing jobs using 'parallel' executor
[1.150s] DEBUG:colcon.colcon_parallel_executor.executor.parallel:run_until_complete
[1.152s] INFO:colcon.colcon_ros.task.ament_python.build:Building ROS package in '/home/navi/Desktop/ros2_demo_1_1547429184/ros2_ws/src/ros2_pub_py' with build type 'ament_python'
[1.152s] Level 1:colcon.colcon_core.shell:create_environment_hook('ros2_pub_py', 'ament_prefix_path')
[1.175s] INFO:colcon.colcon_core.plugin_system:Skipping extension 'colcon_core.shell.bat': Not used on non-Windows systems
[1.179s] INFO:colcon.colcon_core.shell:Creating environment hook '/home/navi/Desktop/ros2_demo_1_1547429184/ros2_ws/install/ros2_pub_py/share/ros2_pub_py/hook/ament_prefix_path.ps1'
[1.183s] INFO:colcon.colcon_core.shell:Creating environment hook '/home/navi/Desktop/ros2_demo_1_1547429184/ros2_ws/install/ros2_pub_py/share/ros2_pub_py/hook/ament_prefix_path.sh'
[1.199s] INFO:colcon.colcon_core.task.python.build:Building Python package in '/home/navi/Desktop/ros2_demo_1_1547429184/ros2_ws/src/ros2_pub_py'
[1.203s] INFO:colcon.colcon_core.shell:Skip shell extension 'powershell' for command environment: Not usable outside of PowerShell
[1.227s] DEBUG:colcon.colcon_core.shell:Ignoring prefix path '/opt/ros/crystal'
[1.227s] DEBUG:colcon.colcon_core.shell:Ignoring prefix path '/home/navi/catkin_ws/devel'
[1.227s] DEBUG:colcon.colcon_core.shell:Ignoring prefix path '/opt/ros/melodic'
[2.861s] DEBUG:colcon.colcon_core.event_handler.log_command:Invoking command in '/home/navi/Desktop/ros2_demo_1_1547429184/ros2_ws/src/ros2_pub_py': PYTHONPATH=/home/navi/Desktop/ros2_demo_1_1547429184/ros2_ws/install/ros2_pub_py/lib/python3.6/site-packages:${PYTHONPATH} /usr/bin/python3 setup.py egg_info --egg-base /home/navi/Desktop/ros2_demo_1_1547429184/ros2_ws/build/ros2_pub_py build --build-base /home/navi/Desktop/ros2_demo_1_1547429184/ros2_ws/build/ros2_pub_py/build install --prefix /home/navi/Desktop/ros2_demo_1_1547429184/ros2_ws/install/ros2_pub_py --record /home/navi/Desktop/ros2_demo_1_1547429184/ros2_ws/build/ros2_pub_py/install.log --single-version-externally-managed bdist_egg --dist-dir /home/navi/Desktop/ros2_demo_1_1547429184/ros2_ws/build/ros2_pub_py/dist
[4.787s] DEBUG:colcon.colcon_core.event_handler.log_command:Invoked command in '/home/navi/Desktop/ros2_demo_1_1547429184/ros2_ws/src/ros2_pub_py' returned '0': PYTHONPATH=/home/navi/Desktop/ros2_demo_1_1547429184/ros2_ws/install/ros2_pub_py/lib/python3.6/site-packages:${PYTHONPATH} /usr/bin/python3 setup.py egg_info --egg-base /home/navi/Desktop/ros2_demo_1_1547429184/ros2_ws/build/ros2_pub_py build --build-base /home/navi/Desktop/ros2_demo_1_1547429184/ros2_ws/build/ros2_pub_py/build install --prefix /home/navi/Desktop/ros2_demo_1_1547429184/ros2_ws/install/ros2_pub_py --record /home/navi/Desktop/ros2_demo_1_1547429184/ros2_ws/build/ros2_pub_py/install.log --single-version-externally-managed bdist_egg --dist-dir /home/navi/Desktop/ros2_demo_1_1547429184/ros2_ws/build/ros2_pub_py/dist
[4.802s] Level 1:colcon.colcon_core.environment:checking '/home/navi/Desktop/ros2_demo_1_1547429184/ros2_ws/install/ros2_pub_py' for CMake module files
[4.805s] Level 1:colcon.colcon_core.environment:checking '/home/navi/Desktop/ros2_demo_1_1547429184/ros2_ws/install/ros2_pub_py' for CMake config files
[4.810s] Level 1:colcon.colcon_core.environment:checking '/home/navi/Desktop/ros2_demo_1_1547429184/ros2_ws/install/ros2_pub_py/lib'
[4.811s] Level 1:colcon.colcon_core.environment:checking '/home/navi/Desktop/ros2_demo_1_1547429184/ros2_ws/install/ros2_pub_py/bin'
[4.811s] Level 1:colcon.colcon_core.shell:create_environment_hook('ros2_pub_py', 'path')
[4.814s] INFO:colcon.colcon_core.shell:Creating environment hook '/home/navi/Desktop/ros2_demo_1_1547429184/ros2_ws/install/ros2_pub_py/share/ros2_pub_py/hook/path.ps1'
[4.817s] INFO:colcon.colcon_core.shell:Creating environment hook '/home/navi/Desktop/ros2_demo_1_1547429184/ros2_ws/install/ros2_pub_py/share/ros2_pub_py/hook/path.sh'
[4.819s] Level 1:colcon.colcon_core.environment:checking '/home/navi/Desktop/ros2_demo_1_1547429184/ros2_ws/install/ros2_pub_py/lib/pkgconfig/ros2_pub_py.pc'
[4.820s] Level 1:colcon.colcon_core.environment:checking '/home/navi/Desktop/ros2_demo_1_1547429184/ros2_ws/install/ros2_pub_py/lib/python3.6/site-packages'
[4.820s] Level 1:colcon.colcon_core.shell:create_environment_hook('ros2_pub_py', 'pythonpath')
[4.823s] INFO:colcon.colcon_core.shell:Creating environment hook '/home/navi/Desktop/ros2_demo_1_1547429184/ros2_ws/install/ros2_pub_py/share/ros2_pub_py/hook/pythonpath.ps1'
[4.826s] INFO:colcon.colcon_core.shell:Creating environment hook '/home/navi/Desktop/ros2_demo_1_1547429184/ros2_ws/install/ros2_pub_py/share/ros2_pub_py/hook/pythonpath.sh'
[4.828s] Level 1:colcon.colcon_core.environment:create_environment_scripts_only(ros2_pub_py)
[4.832s] INFO:colcon.colcon_core.shell:Creating package script '/home/navi/Desktop/ros2_demo_1_1547429184/ros2_ws/install/ros2_pub_py/share/ros2_pub_py/package.ps1'
[4.838s] INFO:colcon.colcon_core.shell:Creating package script '/home/navi/Desktop/ros2_demo_1_1547429184/ros2_ws/install/ros2_pub_py/share/ros2_pub_py/package.sh'
[4.842s] INFO:colcon.colcon_core.shell:Creating package script '/home/navi/Desktop/ros2_demo_1_1547429184/ros2_ws/install/ros2_pub_py/share/ros2_pub_py/package.bash'
[4.847s] INFO:colcon.colcon_core.shell:Creating package script '/home/navi/Desktop/ros2_demo_1_1547429184/ros2_ws/install/ros2_pub_py/share/ros2_pub_py/package.zsh'
[4.850s] Level 1:colcon.colcon_core.environment:create_file_with_runtime_dependencies(/home/navi/Desktop/ros2_demo_1_1547429184/ros2_ws/install/ros2_pub_py/share/colcon-core/packages/ros2_pub_py)
[4.862s] DEBUG:colcon.colcon_parallel_executor.executor.parallel:closing loop
[4.864s] DEBUG:colcon.colcon_parallel_executor.executor.parallel:loop closed
[4.864s] DEBUG:colcon.colcon_parallel_executor.executor.parallel:run_until_complete finished with '0'
[4.864s] DEBUG:colcon.colcon_core.event_reactor:joining thread
[4.912s] INFO:colcon.colcon_core.plugin_system:Skipping extension 'colcon_notification.desktop_notification.terminal_notifier': Not used on non-Darwin systems
[4.914s] INFO:colcon.colcon_core.plugin_system:Skipping extension 'colcon_notification.desktop_notification.win32': Not used on non-Windows systems
[4.914s] INFO:colcon.colcon_notification.desktop_notification:Sending desktop notification using 'notify2'
[4.938s] DEBUG:colcon.colcon_core.event_reactor:joined thread
[4.942s] INFO:colcon.colcon_core.shell:Creating prefix script '/home/navi/Desktop/ros2_demo_1_1547429184/ros2_ws/install/local_setup.ps1'
[4.958s] INFO:colcon.colcon_core.shell:Creating prefix chain script '/home/navi/Desktop/ros2_demo_1_1547429184/ros2_ws/install/setup.ps1'
[4.987s] INFO:colcon.colcon_core.shell:Creating prefix script '/home/navi/Desktop/ros2_demo_1_1547429184/ros2_ws/install/local_setup.sh'
[4.997s] INFO:colcon.colcon_core.shell:Creating prefix chain script '/home/navi/Desktop/ros2_demo_1_1547429184/ros2_ws/install/setup.sh'
[5.019s] INFO:colcon.colcon_core.shell:Creating prefix script '/home/navi/Desktop/ros2_demo_1_1547429184/ros2_ws/install/local_setup.bash'
[5.041s] INFO:colcon.colcon_core.shell:Creating prefix chain script '/home/navi/Desktop/ros2_demo_1_1547429184/ros2_ws/install/setup.bash'
[5.065s] INFO:colcon.colcon_core.shell:Creating prefix script '/home/navi/Desktop/ros2_demo_1_1547429184/ros2_ws/install/local_setup.zsh'
[5.074s] INFO:colcon.colcon_core.shell:Creating prefix chain script '/home/navi/Desktop/ros2_demo_1_1547429184/ros2_ws/install/setup.zsh'
