[3.992s] DEBUG:colcon:Command line arguments: ['/usr/bin/colcon', 'build']
[3.992s] DEBUG:colcon:Parsed command line arguments: Namespace(ament_cmake_args=None, base_paths='.', build_base='build', catkin_cmake_args=None, catkin_skip_building_tests=False, cmake_args=None, cmake_clean_cache=False, cmake_clean_first=False, cmake_force_configure=False, cmake_target=None, cmake_target_skip_unavailable=False, continue_on_error=False, event_handlers=None, executor='parallel', ignore_user_meta=False, install_base='install', log_base='log', log_level=None, main=<bound method BuildVerb.main of <colcon_core.verb.build.BuildVerb object at 0x7f2b8e926320>>, merge_install=False, metas='./colcon.meta', packages_above=None, packages_above_depth=None, packages_end=None, packages_ignore=None, packages_ignore_regex=None, packages_select=None, packages_select_build_failed=False, packages_select_by_dep=None, packages_select_regex=None, packages_select_test_failures=False, packages_skip=None, packages_skip_build_finished=False, packages_skip_by_dep=None, packages_skip_regex=None, packages_skip_test_passed=False, packages_skip_up_to=None, packages_start=None, packages_up_to=None, parallel_workers=1, paths=None, symlink_install=False, test_result_base=None, verb_extension=<colcon_core.verb.build.BuildVerb object at 0x7f2b8e926320>, verb_name='build', verb_parser=<colcon_defaults.argument_parser.defaults.DefaultArgumentsDecorator object at 0x7f2b8e926630>)
[4.550s] Level 1:colcon.colcon_core.package_discovery:discover_packages(colcon_meta) check parameters
[4.551s] Level 1:colcon.colcon_core.package_discovery:discover_packages(recursive) check parameters
[4.551s] Level 1:colcon.colcon_core.package_discovery:discover_packages(ignore) check parameters
[4.552s] Level 1:colcon.colcon_core.package_discovery:discover_packages(path) check parameters
[4.552s] Level 1:colcon.colcon_core.package_discovery:discover_packages(recursive) discover
[4.558s] INFO:colcon.colcon_core.package_discovery:Crawling recursively for packages in '/home/navi/Desktop/ros2_demo_1_1547429184/ros2_ws'
[4.558s] Level 1:colcon.colcon_core.package_identification:_identify(/home/navi/Desktop/ros2_demo_1_1547429184/ros2_ws) by extensions ['ignore', 'ignore_ament_install']
[4.559s] Level 1:colcon.colcon_core.package_identification:_identify(/home/navi/Desktop/ros2_demo_1_1547429184/ros2_ws) by extension 'ignore'
[4.560s] Level 1:colcon.colcon_core.package_identification:_identify(/home/navi/Desktop/ros2_demo_1_1547429184/ros2_ws) by extension 'ignore_ament_install'
[4.565s] Level 1:colcon.colcon_core.package_identification:_identify(/home/navi/Desktop/ros2_demo_1_1547429184/ros2_ws) by extensions ['colcon_pkg']
[4.566s] Level 1:colcon.colcon_core.package_identification:_identify(/home/navi/Desktop/ros2_demo_1_1547429184/ros2_ws) by extension 'colcon_pkg'
[4.566s] Level 1:colcon.colcon_core.package_identification:_identify(/home/navi/Desktop/ros2_demo_1_1547429184/ros2_ws) by extensions ['colcon_meta']
[4.567s] Level 1:colcon.colcon_core.package_identification:_identify(/home/navi/Desktop/ros2_demo_1_1547429184/ros2_ws) by extension 'colcon_meta'
[4.567s] Level 1:colcon.colcon_core.package_identification:_identify(/home/navi/Desktop/ros2_demo_1_1547429184/ros2_ws) by extensions ['ros']
[4.568s] Level 1:colcon.colcon_core.package_identification:_identify(/home/navi/Desktop/ros2_demo_1_1547429184/ros2_ws) by extension 'ros'
[4.757s] Level 1:colcon.colcon_core.package_identification:_identify(/home/navi/Desktop/ros2_demo_1_1547429184/ros2_ws) by extensions ['cmake', 'python']
[4.758s] Level 1:colcon.colcon_core.package_identification:_identify(/home/navi/Desktop/ros2_demo_1_1547429184/ros2_ws) by extension 'cmake'
[4.759s] Level 1:colcon.colcon_core.package_identification:_identify(/home/navi/Desktop/ros2_demo_1_1547429184/ros2_ws) by extension 'python'
[4.759s] Level 1:colcon.colcon_core.package_identification:_identify(/home/navi/Desktop/ros2_demo_1_1547429184/ros2_ws) by extensions ['python_setup_py']
[4.760s] Level 1:colcon.colcon_core.package_identification:_identify(/home/navi/Desktop/ros2_demo_1_1547429184/ros2_ws) by extension 'python_setup_py'
[4.761s] Level 1:colcon.colcon_core.package_identification:_identify(/home/navi/Desktop/ros2_demo_1_1547429184/ros2_ws/build) by extensions ['ignore', 'ignore_ament_install']
[4.766s] Level 1:colcon.colcon_core.package_identification:_identify(/home/navi/Desktop/ros2_demo_1_1547429184/ros2_ws/build) by extension 'ignore'
[4.766s] Level 1:colcon.colcon_core.package_identification:_identify(/home/navi/Desktop/ros2_demo_1_1547429184/ros2_ws/build) ignored
[4.768s] Level 1:colcon.colcon_core.package_identification:_identify(/home/navi/Desktop/ros2_demo_1_1547429184/ros2_ws/install) by extensions ['ignore', 'ignore_ament_install']
[4.768s] Level 1:colcon.colcon_core.package_identification:_identify(/home/navi/Desktop/ros2_demo_1_1547429184/ros2_ws/install) by extension 'ignore'
[4.769s] Level 1:colcon.colcon_core.package_identification:_identify(/home/navi/Desktop/ros2_demo_1_1547429184/ros2_ws/install) ignored
[4.773s] Level 1:colcon.colcon_core.package_identification:_identify(/home/navi/Desktop/ros2_demo_1_1547429184/ros2_ws/log) by extensions ['ignore', 'ignore_ament_install']
[4.774s] Level 1:colcon.colcon_core.package_identification:_identify(/home/navi/Desktop/ros2_demo_1_1547429184/ros2_ws/log) by extension 'ignore'
[4.774s] Level 1:colcon.colcon_core.package_identification:_identify(/home/navi/Desktop/ros2_demo_1_1547429184/ros2_ws/log) ignored
[4.775s] Level 1:colcon.colcon_core.package_identification:_identify(/home/navi/Desktop/ros2_demo_1_1547429184/ros2_ws/src) by extensions ['ignore', 'ignore_ament_install']
[4.775s] Level 1:colcon.colcon_core.package_identification:_identify(/home/navi/Desktop/ros2_demo_1_1547429184/ros2_ws/src) by extension 'ignore'
[4.776s] Level 1:colcon.colcon_core.package_identification:_identify(/home/navi/Desktop/ros2_demo_1_1547429184/ros2_ws/src) by extension 'ignore_ament_install'
[4.776s] Level 1:colcon.colcon_core.package_identification:_identify(/home/navi/Desktop/ros2_demo_1_1547429184/ros2_ws/src) by extensions ['colcon_pkg']
[4.781s] Level 1:colcon.colcon_core.package_identification:_identify(/home/navi/Desktop/ros2_demo_1_1547429184/ros2_ws/src) by extension 'colcon_pkg'
[4.781s] Level 1:colcon.colcon_core.package_identification:_identify(/home/navi/Desktop/ros2_demo_1_1547429184/ros2_ws/src) by extensions ['colcon_meta']
[4.782s] Level 1:colcon.colcon_core.package_identification:_identify(/home/navi/Desktop/ros2_demo_1_1547429184/ros2_ws/src) by extension 'colcon_meta'
[4.782s] Level 1:colcon.colcon_core.package_identification:_identify(/home/navi/Desktop/ros2_demo_1_1547429184/ros2_ws/src) by extensions ['ros']
[4.783s] Level 1:colcon.colcon_core.package_identification:_identify(/home/navi/Desktop/ros2_demo_1_1547429184/ros2_ws/src) by extension 'ros'
[4.783s] Level 1:colcon.colcon_core.package_identification:_identify(/home/navi/Desktop/ros2_demo_1_1547429184/ros2_ws/src) by extensions ['cmake', 'python']
[4.784s] Level 1:colcon.colcon_core.package_identification:_identify(/home/navi/Desktop/ros2_demo_1_1547429184/ros2_ws/src) by extension 'cmake'
[4.785s] Level 1:colcon.colcon_core.package_identification:_identify(/home/navi/Desktop/ros2_demo_1_1547429184/ros2_ws/src) by extension 'python'
[4.785s] Level 1:colcon.colcon_core.package_identification:_identify(/home/navi/Desktop/ros2_demo_1_1547429184/ros2_ws/src) by extensions ['python_setup_py']
[4.790s] Level 1:colcon.colcon_core.package_identification:_identify(/home/navi/Desktop/ros2_demo_1_1547429184/ros2_ws/src) by extension 'python_setup_py'
[4.790s] Level 1:colcon.colcon_core.package_identification:_identify(/home/navi/Desktop/ros2_demo_1_1547429184/ros2_ws/src/build) by extensions ['ignore', 'ignore_ament_install']
[4.791s] Level 1:colcon.colcon_core.package_identification:_identify(/home/navi/Desktop/ros2_demo_1_1547429184/ros2_ws/src/build) by extension 'ignore'
[4.791s] Level 1:colcon.colcon_core.package_identification:_identify(/home/navi/Desktop/ros2_demo_1_1547429184/ros2_ws/src/build) ignored
[4.792s] Level 1:colcon.colcon_core.package_identification:_identify(/home/navi/Desktop/ros2_demo_1_1547429184/ros2_ws/src/install) by extensions ['ignore', 'ignore_ament_install']
[4.793s] Level 1:colcon.colcon_core.package_identification:_identify(/home/navi/Desktop/ros2_demo_1_1547429184/ros2_ws/src/install) by extension 'ignore'
[4.797s] Level 1:colcon.colcon_core.package_identification:_identify(/home/navi/Desktop/ros2_demo_1_1547429184/ros2_ws/src/install) ignored
[4.798s] Level 1:colcon.colcon_core.package_identification:_identify(/home/navi/Desktop/ros2_demo_1_1547429184/ros2_ws/src/log) by extensions ['ignore', 'ignore_ament_install']
[4.798s] Level 1:colcon.colcon_core.package_identification:_identify(/home/navi/Desktop/ros2_demo_1_1547429184/ros2_ws/src/log) by extension 'ignore'
[4.799s] Level 1:colcon.colcon_core.package_identification:_identify(/home/navi/Desktop/ros2_demo_1_1547429184/ros2_ws/src/log) ignored
[4.799s] Level 1:colcon.colcon_core.package_identification:_identify(/home/navi/Desktop/ros2_demo_1_1547429184/ros2_ws/src/ros2_pub_py) by extensions ['ignore', 'ignore_ament_install']
[4.800s] Level 1:colcon.colcon_core.package_identification:_identify(/home/navi/Desktop/ros2_demo_1_1547429184/ros2_ws/src/ros2_pub_py) by extension 'ignore'
[4.800s] Level 1:colcon.colcon_core.package_identification:_identify(/home/navi/Desktop/ros2_demo_1_1547429184/ros2_ws/src/ros2_pub_py) by extension 'ignore_ament_install'
[4.801s] Level 1:colcon.colcon_core.package_identification:_identify(/home/navi/Desktop/ros2_demo_1_1547429184/ros2_ws/src/ros2_pub_py) by extensions ['colcon_pkg']
[4.806s] Level 1:colcon.colcon_core.package_identification:_identify(/home/navi/Desktop/ros2_demo_1_1547429184/ros2_ws/src/ros2_pub_py) by extension 'colcon_pkg'
[4.806s] Level 1:colcon.colcon_core.package_identification:_identify(/home/navi/Desktop/ros2_demo_1_1547429184/ros2_ws/src/ros2_pub_py) by extensions ['colcon_meta']
[4.806s] Level 1:colcon.colcon_core.package_identification:_identify(/home/navi/Desktop/ros2_demo_1_1547429184/ros2_ws/src/ros2_pub_py) by extension 'colcon_meta'
[4.807s] Level 1:colcon.colcon_core.package_identification:_identify(/home/navi/Desktop/ros2_demo_1_1547429184/ros2_ws/src/ros2_pub_py) by extensions ['ros']
[4.807s] Level 1:colcon.colcon_core.package_identification:_identify(/home/navi/Desktop/ros2_demo_1_1547429184/ros2_ws/src/ros2_pub_py) by extension 'ros'
[4.862s] DEBUG:colcon.colcon_core.package_identification:Package '/home/navi/Desktop/ros2_demo_1_1547429184/ros2_ws/src/ros2_pub_py' with type 'ros.ament_python' and name 'ros2_pub_py'
[4.863s] Level 1:colcon.colcon_core.package_discovery:discover_packages(recursive) using defaults
[4.916s] Level 5:colcon.colcon_core.verb:set package 'ros2_pub_py' build argument 'cmake_args' from command line to 'None'
[4.916s] Level 5:colcon.colcon_core.verb:set package 'ros2_pub_py' build argument 'cmake_target' from command line to 'None'
[4.920s] Level 5:colcon.colcon_core.verb:set package 'ros2_pub_py' build argument 'cmake_target_skip_unavailable' from command line to 'False'
[4.921s] Level 5:colcon.colcon_core.verb:set package 'ros2_pub_py' build argument 'cmake_clean_cache' from command line to 'False'
[4.921s] Level 5:colcon.colcon_core.verb:set package 'ros2_pub_py' build argument 'cmake_clean_first' from command line to 'False'
[4.921s] Level 5:colcon.colcon_core.verb:set package 'ros2_pub_py' build argument 'cmake_force_configure' from command line to 'False'
[4.921s] Level 5:colcon.colcon_core.verb:set package 'ros2_pub_py' build argument 'ament_cmake_args' from command line to 'None'
[4.921s] Level 5:colcon.colcon_core.verb:set package 'ros2_pub_py' build argument 'catkin_cmake_args' from command line to 'None'
[4.921s] Level 5:colcon.colcon_core.verb:set package 'ros2_pub_py' build argument 'catkin_skip_building_tests' from command line to 'False'
[4.922s] DEBUG:colcon.colcon_core.verb:Building package 'ros2_pub_py' with the following arguments: {'ament_cmake_args': None, 'build_base': '/home/navi/Desktop/ros2_demo_1_1547429184/ros2_ws/build/ros2_pub_py', 'catkin_cmake_args': None, 'catkin_skip_building_tests': False, 'cmake_args': None, 'cmake_clean_cache': False, 'cmake_clean_first': False, 'cmake_force_configure': False, 'cmake_target': None, 'cmake_target_skip_unavailable': False, 'install_base': '/home/navi/Desktop/ros2_demo_1_1547429184/ros2_ws/install/ros2_pub_py', 'merge_install': False, 'path': '/home/navi/Desktop/ros2_demo_1_1547429184/ros2_ws/src/ros2_pub_py', 'symlink_install': False, 'test_result_base': None}
[4.938s] INFO:colcon.colcon_core.executor:Executing jobs using 'parallel' executor
[4.942s] DEBUG:colcon.colcon_parallel_executor.executor.parallel:run_until_complete
[4.943s] INFO:colcon.colcon_ros.task.ament_python.build:Building ROS package in '/home/navi/Desktop/ros2_demo_1_1547429184/ros2_ws/src/ros2_pub_py' with build type 'ament_python'
[4.944s] Level 1:colcon.colcon_core.shell:create_environment_hook('ros2_pub_py', 'ament_prefix_path')
[4.997s] INFO:colcon.colcon_core.plugin_system:Skipping extension 'colcon_core.shell.bat': Not used on non-Windows systems
[4.998s] INFO:colcon.colcon_core.shell:Creating environment hook '/home/navi/Desktop/ros2_demo_1_1547429184/ros2_ws/install/ros2_pub_py/share/ros2_pub_py/hook/ament_prefix_path.ps1'
[5.008s] INFO:colcon.colcon_core.shell:Creating environment hook '/home/navi/Desktop/ros2_demo_1_1547429184/ros2_ws/install/ros2_pub_py/share/ros2_pub_py/hook/ament_prefix_path.sh'
[5.021s] INFO:colcon.colcon_core.task.python.build:Building Python package in '/home/navi/Desktop/ros2_demo_1_1547429184/ros2_ws/src/ros2_pub_py'
[5.024s] INFO:colcon.colcon_core.shell:Skip shell extension 'powershell' for command environment: Not usable outside of PowerShell
[5.060s] DEBUG:colcon.colcon_core.shell:Ignoring prefix path '/opt/ros/crystal'
[5.062s] DEBUG:colcon.colcon_core.shell:Ignoring prefix path '/home/navi/catkin_ws/devel'
[5.063s] DEBUG:colcon.colcon_core.shell:Ignoring prefix path '/opt/ros/melodic'
[8.707s] DEBUG:colcon.colcon_core.event_handler.log_command:Invoking command in '/home/navi/Desktop/ros2_demo_1_1547429184/ros2_ws/src/ros2_pub_py': PYTHONPATH=/home/navi/Desktop/ros2_demo_1_1547429184/ros2_ws/install/ros2_pub_py/lib/python3.6/site-packages:${PYTHONPATH} /usr/bin/python3 setup.py egg_info --egg-base /home/navi/Desktop/ros2_demo_1_1547429184/ros2_ws/build/ros2_pub_py build --build-base /home/navi/Desktop/ros2_demo_1_1547429184/ros2_ws/build/ros2_pub_py/build install --prefix /home/navi/Desktop/ros2_demo_1_1547429184/ros2_ws/install/ros2_pub_py --record /home/navi/Desktop/ros2_demo_1_1547429184/ros2_ws/build/ros2_pub_py/install.log --single-version-externally-managed bdist_egg --dist-dir /home/navi/Desktop/ros2_demo_1_1547429184/ros2_ws/build/ros2_pub_py/dist
[10.941s] DEBUG:colcon.colcon_core.event_handler.log_command:Invoked command in '/home/navi/Desktop/ros2_demo_1_1547429184/ros2_ws/src/ros2_pub_py' returned '0': PYTHONPATH=/home/navi/Desktop/ros2_demo_1_1547429184/ros2_ws/install/ros2_pub_py/lib/python3.6/site-packages:${PYTHONPATH} /usr/bin/python3 setup.py egg_info --egg-base /home/navi/Desktop/ros2_demo_1_1547429184/ros2_ws/build/ros2_pub_py build --build-base /home/navi/Desktop/ros2_demo_1_1547429184/ros2_ws/build/ros2_pub_py/build install --prefix /home/navi/Desktop/ros2_demo_1_1547429184/ros2_ws/install/ros2_pub_py --record /home/navi/Desktop/ros2_demo_1_1547429184/ros2_ws/build/ros2_pub_py/install.log --single-version-externally-managed bdist_egg --dist-dir /home/navi/Desktop/ros2_demo_1_1547429184/ros2_ws/build/ros2_pub_py/dist
[10.978s] Level 1:colcon.colcon_core.environment:checking '/home/navi/Desktop/ros2_demo_1_1547429184/ros2_ws/install/ros2_pub_py' for CMake module files
[10.982s] Level 1:colcon.colcon_core.environment:checking '/home/navi/Desktop/ros2_demo_1_1547429184/ros2_ws/install/ros2_pub_py' for CMake config files
[10.987s] Level 1:colcon.colcon_core.environment:checking '/home/navi/Desktop/ros2_demo_1_1547429184/ros2_ws/install/ros2_pub_py/lib'
[10.988s] Level 1:colcon.colcon_core.environment:checking '/home/navi/Desktop/ros2_demo_1_1547429184/ros2_ws/install/ros2_pub_py/bin'
[10.988s] Level 1:colcon.colcon_core.shell:create_environment_hook('ros2_pub_py', 'path')
[10.991s] INFO:colcon.colcon_core.shell:Creating environment hook '/home/navi/Desktop/ros2_demo_1_1547429184/ros2_ws/install/ros2_pub_py/share/ros2_pub_py/hook/path.ps1'
[11.001s] INFO:colcon.colcon_core.shell:Creating environment hook '/home/navi/Desktop/ros2_demo_1_1547429184/ros2_ws/install/ros2_pub_py/share/ros2_pub_py/hook/path.sh'
[11.004s] Level 1:colcon.colcon_core.environment:checking '/home/navi/Desktop/ros2_demo_1_1547429184/ros2_ws/install/ros2_pub_py/lib/pkgconfig/ros2_pub_py.pc'
[11.005s] Level 1:colcon.colcon_core.environment:checking '/home/navi/Desktop/ros2_demo_1_1547429184/ros2_ws/install/ros2_pub_py/lib/python3.6/site-packages'
[11.005s] Level 1:colcon.colcon_core.shell:create_environment_hook('ros2_pub_py', 'pythonpath')
[11.008s] INFO:colcon.colcon_core.shell:Creating environment hook '/home/navi/Desktop/ros2_demo_1_1547429184/ros2_ws/install/ros2_pub_py/share/ros2_pub_py/hook/pythonpath.ps1'
[11.011s] INFO:colcon.colcon_core.shell:Creating environment hook '/home/navi/Desktop/ros2_demo_1_1547429184/ros2_ws/install/ros2_pub_py/share/ros2_pub_py/hook/pythonpath.sh'
[11.013s] Level 1:colcon.colcon_core.environment:create_environment_scripts_only(ros2_pub_py)
[11.017s] INFO:colcon.colcon_core.shell:Creating package script '/home/navi/Desktop/ros2_demo_1_1547429184/ros2_ws/install/ros2_pub_py/share/ros2_pub_py/package.ps1'
[11.023s] INFO:colcon.colcon_core.shell:Creating package script '/home/navi/Desktop/ros2_demo_1_1547429184/ros2_ws/install/ros2_pub_py/share/ros2_pub_py/package.sh'
[11.030s] INFO:colcon.colcon_core.shell:Creating package script '/home/navi/Desktop/ros2_demo_1_1547429184/ros2_ws/install/ros2_pub_py/share/ros2_pub_py/package.bash'
[11.038s] INFO:colcon.colcon_core.shell:Creating package script '/home/navi/Desktop/ros2_demo_1_1547429184/ros2_ws/install/ros2_pub_py/share/ros2_pub_py/package.zsh'
[11.044s] Level 1:colcon.colcon_core.environment:create_file_with_runtime_dependencies(/home/navi/Desktop/ros2_demo_1_1547429184/ros2_ws/install/ros2_pub_py/share/colcon-core/packages/ros2_pub_py)
[11.048s] DEBUG:colcon.colcon_parallel_executor.executor.parallel:closing loop
[11.051s] DEBUG:colcon.colcon_parallel_executor.executor.parallel:loop closed
[11.051s] DEBUG:colcon.colcon_parallel_executor.executor.parallel:run_until_complete finished with '0'
[11.051s] DEBUG:colcon.colcon_core.event_reactor:joining thread
[12.595s] INFO:colcon.colcon_core.plugin_system:Skipping extension 'colcon_notification.desktop_notification.terminal_notifier': Not used on non-Darwin systems
[12.597s] INFO:colcon.colcon_core.plugin_system:Skipping extension 'colcon_notification.desktop_notification.win32': Not used on non-Windows systems
[12.597s] INFO:colcon.colcon_notification.desktop_notification:Sending desktop notification using 'notify2'
[12.623s] DEBUG:colcon.colcon_core.event_reactor:joined thread
[12.631s] INFO:colcon.colcon_core.shell:Creating prefix script '/home/navi/Desktop/ros2_demo_1_1547429184/ros2_ws/install/local_setup.ps1'
[12.650s] INFO:colcon.colcon_core.shell:Creating prefix chain script '/home/navi/Desktop/ros2_demo_1_1547429184/ros2_ws/install/setup.ps1'
[12.684s] INFO:colcon.colcon_core.shell:Creating prefix script '/home/navi/Desktop/ros2_demo_1_1547429184/ros2_ws/install/local_setup.sh'
[12.701s] INFO:colcon.colcon_core.shell:Creating prefix chain script '/home/navi/Desktop/ros2_demo_1_1547429184/ros2_ws/install/setup.sh'
[12.725s] INFO:colcon.colcon_core.shell:Creating prefix script '/home/navi/Desktop/ros2_demo_1_1547429184/ros2_ws/install/local_setup.bash'
[12.739s] INFO:colcon.colcon_core.shell:Creating prefix chain script '/home/navi/Desktop/ros2_demo_1_1547429184/ros2_ws/install/setup.bash'
[12.769s] INFO:colcon.colcon_core.shell:Creating prefix script '/home/navi/Desktop/ros2_demo_1_1547429184/ros2_ws/install/local_setup.zsh'
[12.775s] INFO:colcon.colcon_core.shell:Creating prefix chain script '/home/navi/Desktop/ros2_demo_1_1547429184/ros2_ws/install/setup.zsh'
