running egg_info
writing /home/user/ros2_ws/build/ros2_demo_py/ros2_demo_py.egg-info/PKG-INFO
writing dependency_links to /home/user/ros2_ws/build/ros2_demo_py/ros2_demo_py.egg-info/dependency_links.txt
writing entry points to /home/user/ros2_ws/build/ros2_demo_py/ros2_demo_py.egg-info/entry_points.txt
writing requirements to /home/user/ros2_ws/build/ros2_demo_py/ros2_demo_py.egg-info/requires.txt
writing top-level names to /home/user/ros2_ws/build/ros2_demo_py/ros2_demo_py.egg-info/top_level.txt
reading manifest file '/home/user/ros2_ws/build/ros2_demo_py/ros2_demo_py.egg-info/SOURCES.txt'
writing manifest file '/home/user/ros2_ws/build/ros2_demo_py/ros2_demo_py.egg-info/SOURCES.txt'
running build
running build_py
creating /home/user/ros2_ws/build/ros2_demo_py/build
creating /home/user/ros2_ws/build/ros2_demo_py/build/lib
copying demo.py -> /home/user/ros2_ws/build/ros2_demo_py/build/lib
running install
running install_lib
copying /home/user/ros2_ws/build/ros2_demo_py/build/lib/demo.py -> /home/user/ros2_ws/install/ros2_demo_py/lib/python3.6/site-packages
byte-compiling /home/user/ros2_ws/install/ros2_demo_py/lib/python3.6/site-packages/demo.py to demo.cpython-36.pyc
running install_egg_info
Copying /home/user/ros2_ws/build/ros2_demo_py/ros2_demo_py.egg-info to /home/user/ros2_ws/install/ros2_demo_py/lib/python3.6/site-packages/ros2_demo_py-0.0.1-py3.6.egg-info
running install_scripts
Installing demo script to /home/user/ros2_ws/install/ros2_demo_py/lib/ros2_demo_py
writing list of installed files to '/home/user/ros2_ws/build/ros2_demo_py/install.log'
running bdist_egg
installing library code to /home/user/ros2_ws/build/ros2_demo_py/build/bdist.linux-x86_64/egg
running install_lib
creating /home/user/ros2_ws/build/ros2_demo_py/build/bdist.linux-x86_64
creating /home/user/ros2_ws/build/ros2_demo_py/build/bdist.linux-x86_64/egg
copying /home/user/ros2_ws/build/ros2_demo_py/build/lib/demo.py -> /home/user/ros2_ws/build/ros2_demo_py/build/bdist.linux-x86_64/egg
byte-compiling /home/user/ros2_ws/build/ros2_demo_py/build/bdist.linux-x86_64/egg/demo.py to demo.cpython-36.pyc
creating /home/user/ros2_ws/build/ros2_demo_py/build/bdist.linux-x86_64/egg/EGG-INFO
copying /home/user/ros2_ws/build/ros2_demo_py/ros2_demo_py.egg-info/PKG-INFO -> /home/user/ros2_ws/build/ros2_demo_py/build/bdist.linux-x86_64/egg/EGG-INFO
copying /home/user/ros2_ws/build/ros2_demo_py/ros2_demo_py.egg-info/SOURCES.txt -> /home/user/ros2_ws/build/ros2_demo_py/build/bdist.linux-x86_64/egg/EGG-INFO
copying /home/user/ros2_ws/build/ros2_demo_py/ros2_demo_py.egg-info/dependency_links.txt -> /home/user/ros2_ws/build/ros2_demo_py/build/bdist.linux-x86_64/egg/EGG-INFO
copying /home/user/ros2_ws/build/ros2_demo_py/ros2_demo_py.egg-info/entry_points.txt -> /home/user/ros2_ws/build/ros2_demo_py/build/bdist.linux-x86_64/egg/EGG-INFO
copying /home/user/ros2_ws/build/ros2_demo_py/ros2_demo_py.egg-info/requires.txt -> /home/user/ros2_ws/build/ros2_demo_py/build/bdist.linux-x86_64/egg/EGG-INFO
copying /home/user/ros2_ws/build/ros2_demo_py/ros2_demo_py.egg-info/top_level.txt -> /home/user/ros2_ws/build/ros2_demo_py/build/bdist.linux-x86_64/egg/EGG-INFO
copying /home/user/ros2_ws/build/ros2_demo_py/ros2_demo_py.egg-info/zip-safe -> /home/user/ros2_ws/build/ros2_demo_py/build/bdist.linux-x86_64/egg/EGG-INFO
creating /home/user/ros2_ws/build/ros2_demo_py/dist
creating '/home/user/ros2_ws/build/ros2_demo_py/dist/ros2_demo_py-0.0.1-py3.6.egg' and adding '/home/user/ros2_ws/build/ros2_demo_py/build/bdist.linux-x86_64/egg' to it
removing '/home/user/ros2_ws/build/ros2_demo_py/build/bdist.linux-x86_64/egg' (and everything under it)
