[0.529s] DEBUG:colcon:Command line arguments: ['/usr/bin/colcon', 'build']
[0.529s] DEBUG:colcon:Parsed command line arguments: Namespace(ament_cmake_args=None, base_paths='.', build_base='build', catkin_cmake_args=None, cmake_args=None, cmake_clean_cache=False, cmake_clean_first=False, cmake_force_configure=False, cmake_target=None, cmake_target_skip_unavailable=False, event_handlers=None, executor='parallel', ignore_user_meta=False, install_base='install', log_base='log', log_level=None, main=<bound method BuildVerb.main of <colcon_core.verb.build.BuildVerb object at 0x7f1690871470>>, merge_install=False, metas='./colcon.meta', packages_above=None, packages_end=None, packages_ignore=None, packages_ignore_regex=None, packages_select=None, packages_select_by_dep=None, packages_select_regex=None, packages_skip=None, packages_skip_by_dep=None, packages_skip_regex=None, packages_start=None, packages_up_to=None, parallel_workers=2, paths=None, symlink_install=False, test_result_base=None, verb_extension=<colcon_core.verb.build.BuildVerb object at 0x7f1690871470>, verb_name='build', verb_parser=<colcon_defaults.argument_parser.defaults.DefaultArgumentsDecorator object at 0x7f16908717b8>)
[0.903s] Level 1:colcon.colcon_core.package_discovery:discover_packages(colcon_meta) check parameters
[0.903s] Level 1:colcon.colcon_core.package_discovery:discover_packages(recursive) check parameters
[0.903s] Level 1:colcon.colcon_core.package_discovery:discover_packages(ignore) check parameters
[0.904s] Level 1:colcon.colcon_core.package_discovery:discover_packages(path) check parameters
[0.904s] Level 1:colcon.colcon_core.package_discovery:discover_packages(recursive) discover
[0.904s] INFO:colcon.colcon_core.package_discovery:Crawling recursively for packages in '/home/user/ros2_ws'
[0.904s] Level 1:colcon.colcon_core.package_identification:_identify(/home/user/ros2_ws) by extensions ['ignore', 'ignore_ament_install']
[0.904s] Level 1:colcon.colcon_core.package_identification:_identify(/home/user/ros2_ws) by extension 'ignore'
[0.904s] Level 1:colcon.colcon_core.package_identification:_identify(/home/user/ros2_ws) by extension 'ignore_ament_install'
[0.904s] Level 1:colcon.colcon_core.package_identification:_identify(/home/user/ros2_ws) by extensions ['colcon_pkg']
[0.905s] Level 1:colcon.colcon_core.package_identification:_identify(/home/user/ros2_ws) by extension 'colcon_pkg'
[0.905s] Level 1:colcon.colcon_core.package_identification:_identify(/home/user/ros2_ws) by extensions ['colcon_meta']
[0.905s] Level 1:colcon.colcon_core.package_identification:_identify(/home/user/ros2_ws) by extension 'colcon_meta'
[0.905s] Level 1:colcon.colcon_core.package_identification:_identify(/home/user/ros2_ws) by extensions ['ros']
[0.905s] Level 1:colcon.colcon_core.package_identification:_identify(/home/user/ros2_ws) by extension 'ros'
[0.917s] Level 1:colcon.colcon_core.package_identification:_identify(/home/user/ros2_ws) by extensions ['cmake', 'python']
[0.917s] Level 1:colcon.colcon_core.package_identification:_identify(/home/user/ros2_ws) by extension 'cmake'
[0.917s] Level 1:colcon.colcon_core.package_identification:_identify(/home/user/ros2_ws) by extension 'python'
[0.917s] Level 1:colcon.colcon_core.package_identification:_identify(/home/user/ros2_ws) by extensions ['python_setup_py']
[0.918s] Level 1:colcon.colcon_core.package_identification:_identify(/home/user/ros2_ws) by extension 'python_setup_py'
[0.918s] Level 1:colcon.colcon_core.package_identification:_identify(/home/user/ros2_ws/build) by extensions ['ignore', 'ignore_ament_install']
[0.918s] Level 1:colcon.colcon_core.package_identification:_identify(/home/user/ros2_ws/build) by extension 'ignore'
[0.918s] Level 1:colcon.colcon_core.package_identification:_identify(/home/user/ros2_ws/build) ignored
[0.918s] Level 1:colcon.colcon_core.package_identification:_identify(/home/user/ros2_ws/install) by extensions ['ignore', 'ignore_ament_install']
[0.918s] Level 1:colcon.colcon_core.package_identification:_identify(/home/user/ros2_ws/install) by extension 'ignore'
[0.918s] Level 1:colcon.colcon_core.package_identification:_identify(/home/user/ros2_ws/install) ignored
[0.919s] Level 1:colcon.colcon_core.package_identification:_identify(/home/user/ros2_ws/log) by extensions ['ignore', 'ignore_ament_install']
[0.919s] Level 1:colcon.colcon_core.package_identification:_identify(/home/user/ros2_ws/log) by extension 'ignore'
[0.919s] Level 1:colcon.colcon_core.package_identification:_identify(/home/user/ros2_ws/log) ignored
[0.919s] Level 1:colcon.colcon_core.package_identification:_identify(/home/user/ros2_ws/src) by extensions ['ignore', 'ignore_ament_install']
[0.919s] Level 1:colcon.colcon_core.package_identification:_identify(/home/user/ros2_ws/src) by extension 'ignore'
[0.919s] Level 1:colcon.colcon_core.package_identification:_identify(/home/user/ros2_ws/src) by extension 'ignore_ament_install'
[0.919s] Level 1:colcon.colcon_core.package_identification:_identify(/home/user/ros2_ws/src) by extensions ['colcon_pkg']
[0.919s] Level 1:colcon.colcon_core.package_identification:_identify(/home/user/ros2_ws/src) by extension 'colcon_pkg'
[0.919s] Level 1:colcon.colcon_core.package_identification:_identify(/home/user/ros2_ws/src) by extensions ['colcon_meta']
[0.920s] Level 1:colcon.colcon_core.package_identification:_identify(/home/user/ros2_ws/src) by extension 'colcon_meta'
[0.920s] Level 1:colcon.colcon_core.package_identification:_identify(/home/user/ros2_ws/src) by extensions ['ros']
[0.920s] Level 1:colcon.colcon_core.package_identification:_identify(/home/user/ros2_ws/src) by extension 'ros'
[0.920s] Level 1:colcon.colcon_core.package_identification:_identify(/home/user/ros2_ws/src) by extensions ['cmake', 'python']
[0.920s] Level 1:colcon.colcon_core.package_identification:_identify(/home/user/ros2_ws/src) by extension 'cmake'
[0.920s] Level 1:colcon.colcon_core.package_identification:_identify(/home/user/ros2_ws/src) by extension 'python'
[0.920s] Level 1:colcon.colcon_core.package_identification:_identify(/home/user/ros2_ws/src) by extensions ['python_setup_py']
[0.920s] Level 1:colcon.colcon_core.package_identification:_identify(/home/user/ros2_ws/src) by extension 'python_setup_py'
[0.920s] Level 1:colcon.colcon_core.package_identification:_identify(/home/user/ros2_ws/src/ros2_demo_py) by extensions ['ignore', 'ignore_ament_install']
[0.921s] Level 1:colcon.colcon_core.package_identification:_identify(/home/user/ros2_ws/src/ros2_demo_py) by extension 'ignore'
[0.921s] Level 1:colcon.colcon_core.package_identification:_identify(/home/user/ros2_ws/src/ros2_demo_py) by extension 'ignore_ament_install'
[0.921s] Level 1:colcon.colcon_core.package_identification:_identify(/home/user/ros2_ws/src/ros2_demo_py) by extensions ['colcon_pkg']
[0.921s] Level 1:colcon.colcon_core.package_identification:_identify(/home/user/ros2_ws/src/ros2_demo_py) by extension 'colcon_pkg'
[0.921s] Level 1:colcon.colcon_core.package_identification:_identify(/home/user/ros2_ws/src/ros2_demo_py) by extensions ['colcon_meta']
[0.921s] Level 1:colcon.colcon_core.package_identification:_identify(/home/user/ros2_ws/src/ros2_demo_py) by extension 'colcon_meta'
[0.921s] Level 1:colcon.colcon_core.package_identification:_identify(/home/user/ros2_ws/src/ros2_demo_py) by extensions ['ros']
[0.921s] Level 1:colcon.colcon_core.package_identification:_identify(/home/user/ros2_ws/src/ros2_demo_py) by extension 'ros'
[0.926s] DEBUG:colcon.colcon_core.package_identification:Package '/home/user/ros2_ws/src/ros2_demo_py' with type 'ros.ament_python' and name 'ros2_demo_py'
[0.927s] Level 1:colcon.colcon_core.package_discovery:discover_packages(recursive) using defaults
[0.931s] Level 5:colcon.colcon_core.verb:set package 'ros2_demo_py' build argument 'cmake_args' from command line to 'None'
[0.931s] Level 5:colcon.colcon_core.verb:set package 'ros2_demo_py' build argument 'cmake_target' from command line to 'None'
[0.931s] Level 5:colcon.colcon_core.verb:set package 'ros2_demo_py' build argument 'cmake_target_skip_unavailable' from command line to 'False'
[0.931s] Level 5:colcon.colcon_core.verb:set package 'ros2_demo_py' build argument 'cmake_clean_cache' from command line to 'False'
[0.931s] Level 5:colcon.colcon_core.verb:set package 'ros2_demo_py' build argument 'cmake_clean_first' from command line to 'False'
[0.931s] Level 5:colcon.colcon_core.verb:set package 'ros2_demo_py' build argument 'cmake_force_configure' from command line to 'False'
[0.931s] Level 5:colcon.colcon_core.verb:set package 'ros2_demo_py' build argument 'ament_cmake_args' from command line to 'None'
[0.931s] Level 5:colcon.colcon_core.verb:set package 'ros2_demo_py' build argument 'catkin_cmake_args' from command line to 'None'
[0.931s] DEBUG:colcon.colcon_core.verb:Building package 'ros2_demo_py' with the following arguments: {'ament_cmake_args': None, 'build_base': '/home/user/ros2_ws/build/ros2_demo_py', 'catkin_cmake_args': None, 'cmake_args': None, 'cmake_clean_cache': False, 'cmake_clean_first': False, 'cmake_force_configure': False, 'cmake_target': None, 'cmake_target_skip_unavailable': False, 'install_base': '/home/user/ros2_ws/install/ros2_demo_py', 'path': '/home/user/ros2_ws/src/ros2_demo_py', 'symlink_install': False, 'test_result_base': None}
[0.932s] INFO:colcon.colcon_core.executor:Executing jobs using 'parallel' executor
[0.933s] DEBUG:colcon.colcon_parallel_executor.executor.parallel:run_until_complete
[0.933s] INFO:colcon.colcon_ros.task.ament_python.build:Building ROS package in '/home/user/ros2_ws/src/ros2_demo_py' with build type 'ament_python'
[0.933s] Level 1:colcon.colcon_core.shell:create_environment_hook('ros2_demo_py', 'ament_prefix_path')
[0.947s] INFO:colcon.colcon_core.plugin_system:Skipping extension 'colcon_core.shell.bat': Not used on non-Windows systems
[0.947s] INFO:colcon.colcon_core.shell:Creating environment hook '/home/user/ros2_ws/install/ros2_demo_py/share/ros2_demo_py/hook/ament_prefix_path.ps1'
[0.949s] INFO:colcon.colcon_core.shell:Creating environment hook '/home/user/ros2_ws/install/ros2_demo_py/share/ros2_demo_py/hook/ament_prefix_path.sh'
[0.950s] INFO:colcon.colcon_core.task.python.build:Building Python package in '/home/user/ros2_ws/src/ros2_demo_py'
[0.951s] INFO:colcon.colcon_core.shell:Skip shell extension 'powershell' for command environment: Not usable outside of PowerShell
[1.226s] DEBUG:colcon.colcon_core.event_handler.log_command:Invoking command in '/home/user/ros2_ws/src/ros2_demo_py': PS1=${debian_chroot:+($debian_chroot)}\[\033[01;32m\]\u\[\033[00m\]:\[\033[01;34m\]\w\[\033[00m\]\$ PYTHONPATH=/home/user/ros2_ws/install/ros2_demo_py/lib/python3.6/site-packages:${PYTHONPATH} /usr/bin/python3 setup.py egg_info --egg-base /home/user/ros2_ws/build/ros2_demo_py build --build-base /home/user/ros2_ws/build/ros2_demo_py/build install --prefix /home/user/ros2_ws/install/ros2_demo_py --record /home/user/ros2_ws/build/ros2_demo_py/install.log --single-version-externally-managed bdist_egg --dist-dir /home/user/ros2_ws/build/ros2_demo_py/dist
[1.925s] DEBUG:colcon.colcon_core.event_handler.log_command:Invoked command in '/home/user/ros2_ws/src/ros2_demo_py' returned '0': PS1=${debian_chroot:+($debian_chroot)}\[\033[01;32m\]\u\[\033[00m\]:\[\033[01;34m\]\w\[\033[00m\]\$ PYTHONPATH=/home/user/ros2_ws/install/ros2_demo_py/lib/python3.6/site-packages:${PYTHONPATH} /usr/bin/python3 setup.py egg_info --egg-base /home/user/ros2_ws/build/ros2_demo_py build --build-base /home/user/ros2_ws/build/ros2_demo_py/build install --prefix /home/user/ros2_ws/install/ros2_demo_py --record /home/user/ros2_ws/build/ros2_demo_py/install.log --single-version-externally-managed bdist_egg --dist-dir /home/user/ros2_ws/build/ros2_demo_py/dist
[1.938s] Level 1:colcon.colcon_core.environment:checking '/home/user/ros2_ws/install/ros2_demo_py' for CMake module files
[1.939s] Level 1:colcon.colcon_core.environment:checking '/home/user/ros2_ws/install/ros2_demo_py' for CMake config files
[1.941s] Level 1:colcon.colcon_core.environment:checking '/home/user/ros2_ws/install/ros2_demo_py/lib'
[1.941s] Level 1:colcon.colcon_core.environment:checking '/home/user/ros2_ws/install/ros2_demo_py/bin'
[1.941s] Level 1:colcon.colcon_core.environment:checking '/home/user/ros2_ws/install/ros2_demo_py/lib/pkgconfig/ros2_demo_py.pc'
[1.941s] Level 1:colcon.colcon_core.environment:checking '/home/user/ros2_ws/install/ros2_demo_py/lib/python3.6/site-packages'
[1.942s] Level 1:colcon.colcon_core.shell:create_environment_hook('ros2_demo_py', 'pythonpath')
[1.942s] INFO:colcon.colcon_core.shell:Creating environment hook '/home/user/ros2_ws/install/ros2_demo_py/share/ros2_demo_py/hook/pythonpath.ps1'
[1.943s] INFO:colcon.colcon_core.shell:Creating environment hook '/home/user/ros2_ws/install/ros2_demo_py/share/ros2_demo_py/hook/pythonpath.sh'
[1.943s] Level 1:colcon.colcon_core.environment:create_environment_scripts()
[1.944s] INFO:colcon.colcon_core.shell:Creating package script '/home/user/ros2_ws/install/ros2_demo_py/share/ros2_demo_py/package.ps1'
[1.946s] INFO:colcon.colcon_core.shell:Creating package script '/home/user/ros2_ws/install/ros2_demo_py/share/ros2_demo_py/package.sh'
[1.948s] INFO:colcon.colcon_core.shell:Creating package script '/home/user/ros2_ws/install/ros2_demo_py/share/ros2_demo_py/package.bash'
[1.950s] INFO:colcon.colcon_core.shell:Creating package script '/home/user/ros2_ws/install/ros2_demo_py/share/ros2_demo_py/package.zsh'
[1.952s] DEBUG:colcon.colcon_parallel_executor.executor.parallel:closing loop
[1.952s] DEBUG:colcon.colcon_parallel_executor.executor.parallel:loop closed
[1.952s] DEBUG:colcon.colcon_parallel_executor.executor.parallel:run_until_complete finished with '0'
[1.953s] DEBUG:colcon.colcon_core.event_reactor:joining thread
[1.966s] INFO:colcon.colcon_core.plugin_system:Skipping extension 'colcon_notification.desktop_notification.terminal_notifier': Not used on non-Darwin systems
[1.966s] INFO:colcon.colcon_core.plugin_system:Skipping extension 'colcon_notification.desktop_notification.win32': Not used on non-Windows systems
[1.966s] INFO:colcon.colcon_notification.desktop_notification:Sending desktop notification using 'notify2'
[22.238s] DEBUG:colcon.colcon_core.event_reactor:joining thread
[26.987s] DEBUG:colcon.colcon_notification.desktop_notification.notify2:"Failed to initialize notify2: org.freedesktop.DBus.Error.NoReply: Did not receive a reply. Possible causes include: the remote application did not send a reply, the message bus security policy blocked the reply, the reply timeout expired, or the network connection was broken.
[26.987s] DEBUG:colcon.colcon_core.event_reactor:joined thread
