[0.148s] DEBUG:colcon:Command line arguments: ['/usr/bin/colcon', 'build']
[0.149s] DEBUG:colcon:Parsed command line arguments: Namespace(ament_cmake_args=None, base_paths='.', build_base='build', catkin_cmake_args=None, cmake_args=None, cmake_clean_cache=False, cmake_clean_first=False, cmake_force_configure=False, cmake_target=None, cmake_target_skip_unavailable=False, event_handlers=None, executor='parallel', ignore_user_meta=False, install_base='install', log_base='log', log_level=None, main=<bound method BuildVerb.main of <colcon_core.verb.build.BuildVerb object at 0x7f72c3c745c0>>, merge_install=False, metas='./colcon.meta', packages_above=None, packages_end=None, packages_ignore=None, packages_ignore_regex=None, packages_select=None, packages_select_by_dep=None, packages_select_regex=None, packages_skip=None, packages_skip_by_dep=None, packages_skip_regex=None, packages_start=None, packages_up_to=None, parallel_workers=2, paths=None, symlink_install=False, test_result_base=None, verb_extension=<colcon_core.verb.build.BuildVerb object at 0x7f72c3c745c0>, verb_name='build', verb_parser=<colcon_defaults.argument_parser.defaults.DefaultArgumentsDecorator object at 0x7f72c3c74908>)
[0.188s] Level 1:colcon.colcon_core.package_discovery:discover_packages(colcon_meta) check parameters
[0.188s] Level 1:colcon.colcon_core.package_discovery:discover_packages(recursive) check parameters
[0.188s] Level 1:colcon.colcon_core.package_discovery:discover_packages(ignore) check parameters
[0.188s] Level 1:colcon.colcon_core.package_discovery:discover_packages(path) check parameters
[0.188s] Level 1:colcon.colcon_core.package_discovery:discover_packages(recursive) discover
[0.188s] INFO:colcon.colcon_core.package_discovery:Crawling recursively for packages in '/home/user/ros2_ws'
[0.189s] Level 1:colcon.colcon_core.package_identification:_identify(/home/user/ros2_ws) by extensions ['ignore', 'ignore_ament_install']
[0.189s] Level 1:colcon.colcon_core.package_identification:_identify(/home/user/ros2_ws) by extension 'ignore'
[0.189s] Level 1:colcon.colcon_core.package_identification:_identify(/home/user/ros2_ws) by extension 'ignore_ament_install'
[0.189s] Level 1:colcon.colcon_core.package_identification:_identify(/home/user/ros2_ws) by extensions ['colcon_pkg']
[0.189s] Level 1:colcon.colcon_core.package_identification:_identify(/home/user/ros2_ws) by extension 'colcon_pkg'
[0.189s] Level 1:colcon.colcon_core.package_identification:_identify(/home/user/ros2_ws) by extensions ['colcon_meta']
[0.189s] Level 1:colcon.colcon_core.package_identification:_identify(/home/user/ros2_ws) by extension 'colcon_meta'
[0.189s] Level 1:colcon.colcon_core.package_identification:_identify(/home/user/ros2_ws) by extensions ['ros']
[0.189s] Level 1:colcon.colcon_core.package_identification:_identify(/home/user/ros2_ws) by extension 'ros'
[0.201s] Level 1:colcon.colcon_core.package_identification:_identify(/home/user/ros2_ws) by extensions ['cmake', 'python']
[0.201s] Level 1:colcon.colcon_core.package_identification:_identify(/home/user/ros2_ws) by extension 'cmake'
[0.202s] Level 1:colcon.colcon_core.package_identification:_identify(/home/user/ros2_ws) by extension 'python'
[0.202s] Level 1:colcon.colcon_core.package_identification:_identify(/home/user/ros2_ws) by extensions ['python_setup_py']
[0.202s] Level 1:colcon.colcon_core.package_identification:_identify(/home/user/ros2_ws) by extension 'python_setup_py'
[0.202s] Level 1:colcon.colcon_core.package_identification:_identify(/home/user/ros2_ws/build) by extensions ['ignore', 'ignore_ament_install']
[0.202s] Level 1:colcon.colcon_core.package_identification:_identify(/home/user/ros2_ws/build) by extension 'ignore'
[0.202s] Level 1:colcon.colcon_core.package_identification:_identify(/home/user/ros2_ws/build) ignored
[0.202s] Level 1:colcon.colcon_core.package_identification:_identify(/home/user/ros2_ws/install) by extensions ['ignore', 'ignore_ament_install']
[0.203s] Level 1:colcon.colcon_core.package_identification:_identify(/home/user/ros2_ws/install) by extension 'ignore'
[0.203s] Level 1:colcon.colcon_core.package_identification:_identify(/home/user/ros2_ws/install) ignored
[0.203s] Level 1:colcon.colcon_core.package_identification:_identify(/home/user/ros2_ws/log) by extensions ['ignore', 'ignore_ament_install']
[0.203s] Level 1:colcon.colcon_core.package_identification:_identify(/home/user/ros2_ws/log) by extension 'ignore'
[0.203s] Level 1:colcon.colcon_core.package_identification:_identify(/home/user/ros2_ws/log) ignored
[0.203s] Level 1:colcon.colcon_core.package_identification:_identify(/home/user/ros2_ws/src) by extensions ['ignore', 'ignore_ament_install']
[0.203s] Level 1:colcon.colcon_core.package_identification:_identify(/home/user/ros2_ws/src) by extension 'ignore'
[0.203s] Level 1:colcon.colcon_core.package_identification:_identify(/home/user/ros2_ws/src) by extension 'ignore_ament_install'
[0.203s] Level 1:colcon.colcon_core.package_identification:_identify(/home/user/ros2_ws/src) by extensions ['colcon_pkg']
[0.204s] Level 1:colcon.colcon_core.package_identification:_identify(/home/user/ros2_ws/src) by extension 'colcon_pkg'
[0.204s] Level 1:colcon.colcon_core.package_identification:_identify(/home/user/ros2_ws/src) by extensions ['colcon_meta']
[0.204s] Level 1:colcon.colcon_core.package_identification:_identify(/home/user/ros2_ws/src) by extension 'colcon_meta'
[0.204s] Level 1:colcon.colcon_core.package_identification:_identify(/home/user/ros2_ws/src) by extensions ['ros']
[0.204s] Level 1:colcon.colcon_core.package_identification:_identify(/home/user/ros2_ws/src) by extension 'ros'
[0.204s] Level 1:colcon.colcon_core.package_identification:_identify(/home/user/ros2_ws/src) by extensions ['cmake', 'python']
[0.204s] Level 1:colcon.colcon_core.package_identification:_identify(/home/user/ros2_ws/src) by extension 'cmake'
[0.204s] Level 1:colcon.colcon_core.package_identification:_identify(/home/user/ros2_ws/src) by extension 'python'
[0.204s] Level 1:colcon.colcon_core.package_identification:_identify(/home/user/ros2_ws/src) by extensions ['python_setup_py']
[0.204s] Level 1:colcon.colcon_core.package_identification:_identify(/home/user/ros2_ws/src) by extension 'python_setup_py'
[0.205s] Level 1:colcon.colcon_core.package_identification:_identify(/home/user/ros2_ws/src/build) by extensions ['ignore', 'ignore_ament_install']
[0.205s] Level 1:colcon.colcon_core.package_identification:_identify(/home/user/ros2_ws/src/build) by extension 'ignore'
[0.205s] Level 1:colcon.colcon_core.package_identification:_identify(/home/user/ros2_ws/src/build) ignored
[0.205s] Level 1:colcon.colcon_core.package_identification:_identify(/home/user/ros2_ws/src/install) by extensions ['ignore', 'ignore_ament_install']
[0.205s] Level 1:colcon.colcon_core.package_identification:_identify(/home/user/ros2_ws/src/install) by extension 'ignore'
[0.205s] Level 1:colcon.colcon_core.package_identification:_identify(/home/user/ros2_ws/src/install) ignored
[0.205s] Level 1:colcon.colcon_core.package_identification:_identify(/home/user/ros2_ws/src/log) by extensions ['ignore', 'ignore_ament_install']
[0.205s] Level 1:colcon.colcon_core.package_identification:_identify(/home/user/ros2_ws/src/log) by extension 'ignore'
[0.205s] Level 1:colcon.colcon_core.package_identification:_identify(/home/user/ros2_ws/src/log) ignored
[0.205s] Level 1:colcon.colcon_core.package_identification:_identify(/home/user/ros2_ws/src/ros2_pub_py) by extensions ['ignore', 'ignore_ament_install']
[0.206s] Level 1:colcon.colcon_core.package_identification:_identify(/home/user/ros2_ws/src/ros2_pub_py) by extension 'ignore'
[0.206s] Level 1:colcon.colcon_core.package_identification:_identify(/home/user/ros2_ws/src/ros2_pub_py) by extension 'ignore_ament_install'
[0.206s] Level 1:colcon.colcon_core.package_identification:_identify(/home/user/ros2_ws/src/ros2_pub_py) by extensions ['colcon_pkg']
[0.206s] Level 1:colcon.colcon_core.package_identification:_identify(/home/user/ros2_ws/src/ros2_pub_py) by extension 'colcon_pkg'
[0.206s] Level 1:colcon.colcon_core.package_identification:_identify(/home/user/ros2_ws/src/ros2_pub_py) by extensions ['colcon_meta']
[0.206s] Level 1:colcon.colcon_core.package_identification:_identify(/home/user/ros2_ws/src/ros2_pub_py) by extension 'colcon_meta'
[0.206s] Level 1:colcon.colcon_core.package_identification:_identify(/home/user/ros2_ws/src/ros2_pub_py) by extensions ['ros']
[0.206s] Level 1:colcon.colcon_core.package_identification:_identify(/home/user/ros2_ws/src/ros2_pub_py) by extension 'ros'
[0.209s] DEBUG:colcon.colcon_core.package_identification:Package '/home/user/ros2_ws/src/ros2_pub_py' with type 'ros.ament_python' and name 'ros2_pub_py'
[0.209s] Level 1:colcon.colcon_core.package_discovery:discover_packages(recursive) using defaults
[0.213s] Level 5:colcon.colcon_core.verb:set package 'ros2_pub_py' build argument 'cmake_args' from command line to 'None'
[0.213s] Level 5:colcon.colcon_core.verb:set package 'ros2_pub_py' build argument 'cmake_target' from command line to 'None'
[0.213s] Level 5:colcon.colcon_core.verb:set package 'ros2_pub_py' build argument 'cmake_target_skip_unavailable' from command line to 'False'
[0.213s] Level 5:colcon.colcon_core.verb:set package 'ros2_pub_py' build argument 'cmake_clean_cache' from command line to 'False'
[0.213s] Level 5:colcon.colcon_core.verb:set package 'ros2_pub_py' build argument 'cmake_clean_first' from command line to 'False'
[0.213s] Level 5:colcon.colcon_core.verb:set package 'ros2_pub_py' build argument 'cmake_force_configure' from command line to 'False'
[0.213s] Level 5:colcon.colcon_core.verb:set package 'ros2_pub_py' build argument 'ament_cmake_args' from command line to 'None'
[0.213s] Level 5:colcon.colcon_core.verb:set package 'ros2_pub_py' build argument 'catkin_cmake_args' from command line to 'None'
[0.213s] DEBUG:colcon.colcon_core.verb:Building package 'ros2_pub_py' with the following arguments: {'ament_cmake_args': None, 'build_base': '/home/user/ros2_ws/build/ros2_pub_py', 'catkin_cmake_args': None, 'cmake_args': None, 'cmake_clean_cache': False, 'cmake_clean_first': False, 'cmake_force_configure': False, 'cmake_target': None, 'cmake_target_skip_unavailable': False, 'install_base': '/home/user/ros2_ws/install/ros2_pub_py', 'path': '/home/user/ros2_ws/src/ros2_pub_py', 'symlink_install': False, 'test_result_base': None}
[0.214s] INFO:colcon.colcon_core.executor:Executing jobs using 'parallel' executor
[0.215s] DEBUG:colcon.colcon_parallel_executor.executor.parallel:run_until_complete
[0.215s] INFO:colcon.colcon_ros.task.ament_python.build:Building ROS package in '/home/user/ros2_ws/src/ros2_pub_py' with build type 'ament_python'
[0.215s] Level 1:colcon.colcon_core.shell:create_environment_hook('ros2_pub_py', 'ament_prefix_path')
[0.220s] INFO:colcon.colcon_core.plugin_system:Skipping extension 'colcon_core.shell.bat': Not used on non-Windows systems
[0.220s] INFO:colcon.colcon_core.shell:Creating environment hook '/home/user/ros2_ws/install/ros2_pub_py/share/ros2_pub_py/hook/ament_prefix_path.ps1'
[0.221s] INFO:colcon.colcon_core.shell:Creating environment hook '/home/user/ros2_ws/install/ros2_pub_py/share/ros2_pub_py/hook/ament_prefix_path.sh'
[0.222s] INFO:colcon.colcon_core.task.python.build:Building Python package in '/home/user/ros2_ws/src/ros2_pub_py'
[0.223s] INFO:colcon.colcon_core.shell:Skip shell extension 'powershell' for command environment: Not usable outside of PowerShell
[0.493s] DEBUG:colcon.colcon_core.event_handler.log_command:Invoking command in '/home/user/ros2_ws/src/ros2_pub_py': PS1=${debian_chroot:+($debian_chroot)}\[\033[01;32m\]\u\[\033[00m\]:\[\033[01;34m\]\w\[\033[00m\]\$ PYTHONPATH=/home/user/ros2_ws/install/ros2_pub_py/lib/python3.6/site-packages:${PYTHONPATH} /usr/bin/python3 setup.py egg_info --egg-base /home/user/ros2_ws/build/ros2_pub_py build --build-base /home/user/ros2_ws/build/ros2_pub_py/build install --prefix /home/user/ros2_ws/install/ros2_pub_py --record /home/user/ros2_ws/build/ros2_pub_py/install.log --single-version-externally-managed bdist_egg --dist-dir /home/user/ros2_ws/build/ros2_pub_py/dist
[0.803s] DEBUG:colcon.colcon_core.event_handler.log_command:Invoked command in '/home/user/ros2_ws/src/ros2_pub_py' returned '0': PS1=${debian_chroot:+($debian_chroot)}\[\033[01;32m\]\u\[\033[00m\]:\[\033[01;34m\]\w\[\033[00m\]\$ PYTHONPATH=/home/user/ros2_ws/install/ros2_pub_py/lib/python3.6/site-packages:${PYTHONPATH} /usr/bin/python3 setup.py egg_info --egg-base /home/user/ros2_ws/build/ros2_pub_py build --build-base /home/user/ros2_ws/build/ros2_pub_py/build install --prefix /home/user/ros2_ws/install/ros2_pub_py --record /home/user/ros2_ws/build/ros2_pub_py/install.log --single-version-externally-managed bdist_egg --dist-dir /home/user/ros2_ws/build/ros2_pub_py/dist
[0.805s] Level 1:colcon.colcon_core.environment:checking '/home/user/ros2_ws/install/ros2_pub_py' for CMake module files
[0.806s] Level 1:colcon.colcon_core.environment:checking '/home/user/ros2_ws/install/ros2_pub_py' for CMake config files
[0.807s] Level 1:colcon.colcon_core.environment:checking '/home/user/ros2_ws/install/ros2_pub_py/lib'
[0.807s] Level 1:colcon.colcon_core.environment:checking '/home/user/ros2_ws/install/ros2_pub_py/bin'
[0.807s] Level 1:colcon.colcon_core.shell:create_environment_hook('ros2_pub_py', 'path')
[0.808s] INFO:colcon.colcon_core.shell:Creating environment hook '/home/user/ros2_ws/install/ros2_pub_py/share/ros2_pub_py/hook/path.ps1'
[0.808s] INFO:colcon.colcon_core.shell:Creating environment hook '/home/user/ros2_ws/install/ros2_pub_py/share/ros2_pub_py/hook/path.sh'
[0.809s] Level 1:colcon.colcon_core.environment:checking '/home/user/ros2_ws/install/ros2_pub_py/lib/pkgconfig/ros2_pub_py.pc'
[0.809s] Level 1:colcon.colcon_core.environment:checking '/home/user/ros2_ws/install/ros2_pub_py/lib/python3.6/site-packages'
[0.809s] Level 1:colcon.colcon_core.shell:create_environment_hook('ros2_pub_py', 'pythonpath')
[0.810s] INFO:colcon.colcon_core.shell:Creating environment hook '/home/user/ros2_ws/install/ros2_pub_py/share/ros2_pub_py/hook/pythonpath.ps1'
[0.810s] INFO:colcon.colcon_core.shell:Creating environment hook '/home/user/ros2_ws/install/ros2_pub_py/share/ros2_pub_py/hook/pythonpath.sh'
[0.810s] Level 1:colcon.colcon_core.environment:create_environment_scripts()
[0.811s] INFO:colcon.colcon_core.shell:Creating package script '/home/user/ros2_ws/install/ros2_pub_py/share/ros2_pub_py/package.ps1'
[0.812s] INFO:colcon.colcon_core.shell:Creating package script '/home/user/ros2_ws/install/ros2_pub_py/share/ros2_pub_py/package.sh'
[0.813s] INFO:colcon.colcon_core.shell:Creating package script '/home/user/ros2_ws/install/ros2_pub_py/share/ros2_pub_py/package.bash'
[0.814s] INFO:colcon.colcon_core.shell:Creating package script '/home/user/ros2_ws/install/ros2_pub_py/share/ros2_pub_py/package.zsh'
[0.815s] DEBUG:colcon.colcon_parallel_executor.executor.parallel:closing loop
[0.815s] DEBUG:colcon.colcon_parallel_executor.executor.parallel:loop closed
[0.815s] DEBUG:colcon.colcon_parallel_executor.executor.parallel:run_until_complete finished with '0'
[0.815s] DEBUG:colcon.colcon_core.event_reactor:joining thread
[0.822s] INFO:colcon.colcon_core.plugin_system:Skipping extension 'colcon_notification.desktop_notification.terminal_notifier': Not used on non-Darwin systems
[0.822s] INFO:colcon.colcon_core.plugin_system:Skipping extension 'colcon_notification.desktop_notification.win32': Not used on non-Windows systems
[0.823s] INFO:colcon.colcon_notification.desktop_notification:Sending desktop notification using 'notify2'
[25.840s] DEBUG:colcon.colcon_notification.desktop_notification.notify2:"Failed to initialize notify2: org.freedesktop.DBus.Error.NoReply: Did not receive a reply. Possible causes include: the remote application did not send a reply, the message bus security policy blocked the reply, the reply timeout expired, or the network connection was broken.
[25.841s] DEBUG:colcon.colcon_core.event_reactor:joined thread
[25.841s] INFO:colcon.colcon_core.shell:Creating prefix script '/home/user/ros2_ws/install/local_setup.ps1'
[25.843s] INFO:colcon.colcon_core.shell:Creating prefix chain script '/home/user/ros2_ws/install/setup.ps1'
[25.844s] INFO:colcon.colcon_core.shell:Creating prefix script '/home/user/ros2_ws/install/local_setup.sh'
[25.845s] INFO:colcon.colcon_core.shell:Creating prefix chain script '/home/user/ros2_ws/install/setup.sh'
[25.846s] INFO:colcon.colcon_core.shell:Creating prefix script '/home/user/ros2_ws/install/local_setup.bash'
[25.847s] INFO:colcon.colcon_core.shell:Creating prefix chain script '/home/user/ros2_ws/install/setup.bash'
[25.847s] INFO:colcon.colcon_core.shell:Creating prefix script '/home/user/ros2_ws/install/local_setup.zsh'
[25.848s] INFO:colcon.colcon_core.shell:Creating prefix chain script '/home/user/ros2_ws/install/setup.zsh'
