[0.000000] (-) TimerEvent: {}
[0.001234] (ros2_pub_py) JobQueued: {'identifier': 'ros2_pub_py', 'dependencies': OrderedDict()}
[0.001432] (ros2_pub_py) JobStarted: {'identifier': 'ros2_pub_py'}
[0.093101] (-) TimerEvent: {}
[0.198807] (-) TimerEvent: {}
[0.302100] (-) TimerEvent: {}
[0.403492] (-) TimerEvent: {}
[0.504909] (-) TimerEvent: {}
[0.606440] (-) TimerEvent: {}
[0.707954] (-) TimerEvent: {}
[0.809471] (-) TimerEvent: {}
[0.910889] (-) TimerEvent: {}
[1.012472] (-) TimerEvent: {}
[1.113948] (-) TimerEvent: {}
[1.216228] (-) TimerEvent: {}
[1.317842] (-) TimerEvent: {}
[1.419289] (-) TimerEvent: {}
[1.521261] (-) TimerEvent: {}
[1.623169] (-) TimerEvent: {}
[1.641711] (ros2_pub_py) StderrLine: {'line': b'Traceback (most recent call last):\n  File "/usr/lib/python3/dist-packages/colcon_core/executor/__init__.py", line 91, in __call__\n    rc = await self.task(*args, **kwargs)\n  File "/usr/lib/python3/dist-packages/colcon_core/task/__init__.py", line 92, in __call__\n    return await task_method(*args, **kwargs)\n  File "/usr/lib/python3/dist-packages/colcon_ros/task/ament_python/build.py", line 48, in build\n    return await extension.build(additional_hooks=additional_hooks)\n  File "/usr/lib/python3/dist-packages/colcon_core/task/python/build.py", line 91, in build\n    setup_py_data = get_setup_data(self.context.pkg, env)\n  File "/usr/lib/python3/dist-packages/colcon_core/task/python/__init__.py", line 20, in get_setup_data\n    return dict(pkg.metadata[key](env))\n  File "/usr/lib/python3/dist-packages/colcon_ros/package_identification/ros.py", line 128, in getter\n    str(desc.path / \'setup.py\'), env)\n  File "/usr/lib/python3/dist-packages/colcon_python_setup_py/package_identification/python_setup_py.py", line 209, in get_setup_arguments_with_context\n    cmd, stdout=subprocess.PIPE, env=env, check=True)\n  File "/usr/lib/python3.6/subprocess.py", line 438, in run\n    output=stdout, stderr=stderr)\nsubprocess.CalledProcessError: Command \'[\'/usr/bin/python3\', \'-c\', "import sys;sys.path.insert(0, \'/usr/lib/python3\');from colcon_python_setup_py.package_identification.python_setup_py import get_setup_arguments;output = repr(get_setup_arguments(\'/home/navi/Desktop/ros2_demo_1_1547429184/ros2_ws/src/ros2_pub_py/setup.py\'));sys.stdout.buffer.write(output.encode(\'utf-8\'))"]\' returned non-zero exit status 1.\n'}
[1.643040] (ros2_pub_py) JobEnded: {'identifier': 'ros2_pub_py', 'rc': 1}
[1.648744] (-) EventReactorShutdown: {}
