[0.590s] DEBUG:colcon:Command line arguments: ['/usr/bin/colcon', 'build']
[0.591s] DEBUG:colcon:Parsed command line arguments: Namespace(ament_cmake_args=None, base_paths='.', build_base='build', catkin_cmake_args=None, catkin_skip_building_tests=False, cmake_args=None, cmake_clean_cache=False, cmake_clean_first=False, cmake_force_configure=False, cmake_target=None, cmake_target_skip_unavailable=False, continue_on_error=False, event_handlers=None, executor='parallel', ignore_user_meta=False, install_base='install', log_base='log', log_level=None, main=<bound method BuildVerb.main of <colcon_core.verb.build.BuildVerb object at 0x7ff07bb21f28>>, merge_install=False, metas='./colcon.meta', packages_above=None, packages_above_depth=None, packages_end=None, packages_ignore=None, packages_ignore_regex=None, packages_select=None, packages_select_build_failed=False, packages_select_by_dep=None, packages_select_regex=None, packages_select_test_failures=False, packages_skip=None, packages_skip_build_finished=False, packages_skip_by_dep=None, packages_skip_regex=None, packages_skip_test_passed=False, packages_skip_up_to=None, packages_start=None, packages_up_to=None, parallel_workers=1, paths=None, symlink_install=False, test_result_base=None, verb_extension=<colcon_core.verb.build.BuildVerb object at 0x7ff07bb21f28>, verb_name='build', verb_parser=<colcon_defaults.argument_parser.defaults.DefaultArgumentsDecorator object at 0x7ff07bb29390>)
[0.719s] Level 1:colcon.colcon_core.package_discovery:discover_packages(colcon_meta) check parameters
[0.720s] Level 1:colcon.colcon_core.package_discovery:discover_packages(recursive) check parameters
[0.720s] Level 1:colcon.colcon_core.package_discovery:discover_packages(ignore) check parameters
[0.720s] Level 1:colcon.colcon_core.package_discovery:discover_packages(path) check parameters
[0.720s] Level 1:colcon.colcon_core.package_discovery:discover_packages(recursive) discover
[0.721s] INFO:colcon.colcon_core.package_discovery:Crawling recursively for packages in '/home/navi/Desktop/ros2_demo_1_1547429184/ros2_ws/src'
[0.721s] Level 1:colcon.colcon_core.package_identification:_identify(/home/navi/Desktop/ros2_demo_1_1547429184/ros2_ws/src) by extensions ['ignore', 'ignore_ament_install']
[0.721s] Level 1:colcon.colcon_core.package_identification:_identify(/home/navi/Desktop/ros2_demo_1_1547429184/ros2_ws/src) by extension 'ignore'
[0.722s] Level 1:colcon.colcon_core.package_identification:_identify(/home/navi/Desktop/ros2_demo_1_1547429184/ros2_ws/src) by extension 'ignore_ament_install'
[0.722s] Level 1:colcon.colcon_core.package_identification:_identify(/home/navi/Desktop/ros2_demo_1_1547429184/ros2_ws/src) by extensions ['colcon_pkg']
[0.722s] Level 1:colcon.colcon_core.package_identification:_identify(/home/navi/Desktop/ros2_demo_1_1547429184/ros2_ws/src) by extension 'colcon_pkg'
[0.722s] Level 1:colcon.colcon_core.package_identification:_identify(/home/navi/Desktop/ros2_demo_1_1547429184/ros2_ws/src) by extensions ['colcon_meta']
[0.723s] Level 1:colcon.colcon_core.package_identification:_identify(/home/navi/Desktop/ros2_demo_1_1547429184/ros2_ws/src) by extension 'colcon_meta'
[0.723s] Level 1:colcon.colcon_core.package_identification:_identify(/home/navi/Desktop/ros2_demo_1_1547429184/ros2_ws/src) by extensions ['ros']
[0.723s] Level 1:colcon.colcon_core.package_identification:_identify(/home/navi/Desktop/ros2_demo_1_1547429184/ros2_ws/src) by extension 'ros'
[0.758s] Level 1:colcon.colcon_core.package_identification:_identify(/home/navi/Desktop/ros2_demo_1_1547429184/ros2_ws/src) by extensions ['cmake', 'python']
[0.759s] Level 1:colcon.colcon_core.package_identification:_identify(/home/navi/Desktop/ros2_demo_1_1547429184/ros2_ws/src) by extension 'cmake'
[0.759s] Level 1:colcon.colcon_core.package_identification:_identify(/home/navi/Desktop/ros2_demo_1_1547429184/ros2_ws/src) by extension 'python'
[0.759s] Level 1:colcon.colcon_core.package_identification:_identify(/home/navi/Desktop/ros2_demo_1_1547429184/ros2_ws/src) by extensions ['python_setup_py']
[0.759s] Level 1:colcon.colcon_core.package_identification:_identify(/home/navi/Desktop/ros2_demo_1_1547429184/ros2_ws/src) by extension 'python_setup_py'
[0.760s] Level 1:colcon.colcon_core.package_identification:_identify(/home/navi/Desktop/ros2_demo_1_1547429184/ros2_ws/src/build) by extensions ['ignore', 'ignore_ament_install']
[0.760s] Level 1:colcon.colcon_core.package_identification:_identify(/home/navi/Desktop/ros2_demo_1_1547429184/ros2_ws/src/build) by extension 'ignore'
[0.760s] Level 1:colcon.colcon_core.package_identification:_identify(/home/navi/Desktop/ros2_demo_1_1547429184/ros2_ws/src/build) ignored
[0.761s] Level 1:colcon.colcon_core.package_identification:_identify(/home/navi/Desktop/ros2_demo_1_1547429184/ros2_ws/src/install) by extensions ['ignore', 'ignore_ament_install']
[0.762s] Level 1:colcon.colcon_core.package_identification:_identify(/home/navi/Desktop/ros2_demo_1_1547429184/ros2_ws/src/install) by extension 'ignore'
[0.762s] Level 1:colcon.colcon_core.package_identification:_identify(/home/navi/Desktop/ros2_demo_1_1547429184/ros2_ws/src/install) ignored
[0.762s] Level 1:colcon.colcon_core.package_identification:_identify(/home/navi/Desktop/ros2_demo_1_1547429184/ros2_ws/src/log) by extensions ['ignore', 'ignore_ament_install']
[0.763s] Level 1:colcon.colcon_core.package_identification:_identify(/home/navi/Desktop/ros2_demo_1_1547429184/ros2_ws/src/log) by extension 'ignore'
[0.763s] Level 1:colcon.colcon_core.package_identification:_identify(/home/navi/Desktop/ros2_demo_1_1547429184/ros2_ws/src/log) ignored
[0.763s] Level 1:colcon.colcon_core.package_identification:_identify(/home/navi/Desktop/ros2_demo_1_1547429184/ros2_ws/src/ros2_pub_py) by extensions ['ignore', 'ignore_ament_install']
[0.764s] Level 1:colcon.colcon_core.package_identification:_identify(/home/navi/Desktop/ros2_demo_1_1547429184/ros2_ws/src/ros2_pub_py) by extension 'ignore'
[0.765s] Level 1:colcon.colcon_core.package_identification:_identify(/home/navi/Desktop/ros2_demo_1_1547429184/ros2_ws/src/ros2_pub_py) by extension 'ignore_ament_install'
[0.765s] Level 1:colcon.colcon_core.package_identification:_identify(/home/navi/Desktop/ros2_demo_1_1547429184/ros2_ws/src/ros2_pub_py) by extensions ['colcon_pkg']
[0.765s] Level 1:colcon.colcon_core.package_identification:_identify(/home/navi/Desktop/ros2_demo_1_1547429184/ros2_ws/src/ros2_pub_py) by extension 'colcon_pkg'
[0.766s] Level 1:colcon.colcon_core.package_identification:_identify(/home/navi/Desktop/ros2_demo_1_1547429184/ros2_ws/src/ros2_pub_py) by extensions ['colcon_meta']
[0.766s] Level 1:colcon.colcon_core.package_identification:_identify(/home/navi/Desktop/ros2_demo_1_1547429184/ros2_ws/src/ros2_pub_py) by extension 'colcon_meta'
[0.766s] Level 1:colcon.colcon_core.package_identification:_identify(/home/navi/Desktop/ros2_demo_1_1547429184/ros2_ws/src/ros2_pub_py) by extensions ['ros']
[0.767s] Level 1:colcon.colcon_core.package_identification:_identify(/home/navi/Desktop/ros2_demo_1_1547429184/ros2_ws/src/ros2_pub_py) by extension 'ros'
[0.779s] DEBUG:colcon.colcon_core.package_identification:Package '/home/navi/Desktop/ros2_demo_1_1547429184/ros2_ws/src/ros2_pub_py' with type 'ros.ament_python' and name 'ros2_pub_py'
[0.779s] Level 1:colcon.colcon_core.package_discovery:discover_packages(recursive) using defaults
[0.796s] Level 5:colcon.colcon_core.verb:set package 'ros2_pub_py' build argument 'cmake_args' from command line to 'None'
[0.796s] Level 5:colcon.colcon_core.verb:set package 'ros2_pub_py' build argument 'cmake_target' from command line to 'None'
[0.796s] Level 5:colcon.colcon_core.verb:set package 'ros2_pub_py' build argument 'cmake_target_skip_unavailable' from command line to 'False'
[0.796s] Level 5:colcon.colcon_core.verb:set package 'ros2_pub_py' build argument 'cmake_clean_cache' from command line to 'False'
[0.796s] Level 5:colcon.colcon_core.verb:set package 'ros2_pub_py' build argument 'cmake_clean_first' from command line to 'False'
[0.796s] Level 5:colcon.colcon_core.verb:set package 'ros2_pub_py' build argument 'cmake_force_configure' from command line to 'False'
[0.796s] Level 5:colcon.colcon_core.verb:set package 'ros2_pub_py' build argument 'ament_cmake_args' from command line to 'None'
[0.796s] Level 5:colcon.colcon_core.verb:set package 'ros2_pub_py' build argument 'catkin_cmake_args' from command line to 'None'
[0.796s] Level 5:colcon.colcon_core.verb:set package 'ros2_pub_py' build argument 'catkin_skip_building_tests' from command line to 'False'
[0.797s] DEBUG:colcon.colcon_core.verb:Building package 'ros2_pub_py' with the following arguments: {'ament_cmake_args': None, 'build_base': '/home/navi/Desktop/ros2_demo_1_1547429184/ros2_ws/src/build/ros2_pub_py', 'catkin_cmake_args': None, 'catkin_skip_building_tests': False, 'cmake_args': None, 'cmake_clean_cache': False, 'cmake_clean_first': False, 'cmake_force_configure': False, 'cmake_target': None, 'cmake_target_skip_unavailable': False, 'install_base': '/home/navi/Desktop/ros2_demo_1_1547429184/ros2_ws/src/install/ros2_pub_py', 'merge_install': False, 'path': '/home/navi/Desktop/ros2_demo_1_1547429184/ros2_ws/src/ros2_pub_py', 'symlink_install': False, 'test_result_base': None}
[0.801s] INFO:colcon.colcon_core.executor:Executing jobs using 'parallel' executor
[0.802s] DEBUG:colcon.colcon_parallel_executor.executor.parallel:run_until_complete
[0.803s] INFO:colcon.colcon_ros.task.ament_python.build:Building ROS package in '/home/navi/Desktop/ros2_demo_1_1547429184/ros2_ws/src/ros2_pub_py' with build type 'ament_python'
[0.803s] Level 1:colcon.colcon_core.shell:create_environment_hook('ros2_pub_py', 'ament_prefix_path')
[0.813s] INFO:colcon.colcon_core.plugin_system:Skipping extension 'colcon_core.shell.bat': Not used on non-Windows systems
[0.814s] INFO:colcon.colcon_core.shell:Creating environment hook '/home/navi/Desktop/ros2_demo_1_1547429184/ros2_ws/src/install/ros2_pub_py/share/ros2_pub_py/hook/ament_prefix_path.ps1'
[0.816s] INFO:colcon.colcon_core.shell:Creating environment hook '/home/navi/Desktop/ros2_demo_1_1547429184/ros2_ws/src/install/ros2_pub_py/share/ros2_pub_py/hook/ament_prefix_path.sh'
[0.819s] INFO:colcon.colcon_core.task.python.build:Building Python package in '/home/navi/Desktop/ros2_demo_1_1547429184/ros2_ws/src/ros2_pub_py'
[0.820s] INFO:colcon.colcon_core.shell:Skip shell extension 'powershell' for command environment: Not usable outside of PowerShell
[0.832s] DEBUG:colcon.colcon_core.shell:Ignoring prefix path '/opt/ros/crystal'
[0.833s] DEBUG:colcon.colcon_core.shell:Ignoring prefix path '/home/navi/catkin_ws/devel'
[0.833s] DEBUG:colcon.colcon_core.shell:Ignoring prefix path '/opt/ros/melodic'
[1.873s] DEBUG:colcon.colcon_core.event_handler.log_command:Invoking command in '/home/navi/Desktop/ros2_demo_1_1547429184/ros2_ws/src/ros2_pub_py': PYTHONPATH=/home/navi/Desktop/ros2_demo_1_1547429184/ros2_ws/src/install/ros2_pub_py/lib/python3.6/site-packages:${PYTHONPATH} /usr/bin/python3 setup.py egg_info --egg-base /home/navi/Desktop/ros2_demo_1_1547429184/ros2_ws/src/build/ros2_pub_py build --build-base /home/navi/Desktop/ros2_demo_1_1547429184/ros2_ws/src/build/ros2_pub_py/build install --prefix /home/navi/Desktop/ros2_demo_1_1547429184/ros2_ws/src/install/ros2_pub_py --record /home/navi/Desktop/ros2_demo_1_1547429184/ros2_ws/src/build/ros2_pub_py/install.log --single-version-externally-managed bdist_egg --dist-dir /home/navi/Desktop/ros2_demo_1_1547429184/ros2_ws/src/build/ros2_pub_py/dist
[2.667s] DEBUG:colcon.colcon_core.event_handler.log_command:Invoked command in '/home/navi/Desktop/ros2_demo_1_1547429184/ros2_ws/src/ros2_pub_py' returned '0': PYTHONPATH=/home/navi/Desktop/ros2_demo_1_1547429184/ros2_ws/src/install/ros2_pub_py/lib/python3.6/site-packages:${PYTHONPATH} /usr/bin/python3 setup.py egg_info --egg-base /home/navi/Desktop/ros2_demo_1_1547429184/ros2_ws/src/build/ros2_pub_py build --build-base /home/navi/Desktop/ros2_demo_1_1547429184/ros2_ws/src/build/ros2_pub_py/build install --prefix /home/navi/Desktop/ros2_demo_1_1547429184/ros2_ws/src/install/ros2_pub_py --record /home/navi/Desktop/ros2_demo_1_1547429184/ros2_ws/src/build/ros2_pub_py/install.log --single-version-externally-managed bdist_egg --dist-dir /home/navi/Desktop/ros2_demo_1_1547429184/ros2_ws/src/build/ros2_pub_py/dist
[2.674s] Level 1:colcon.colcon_core.environment:checking '/home/navi/Desktop/ros2_demo_1_1547429184/ros2_ws/src/install/ros2_pub_py' for CMake module files
[2.674s] Level 1:colcon.colcon_core.environment:checking '/home/navi/Desktop/ros2_demo_1_1547429184/ros2_ws/src/install/ros2_pub_py' for CMake config files
[2.676s] Level 1:colcon.colcon_core.environment:checking '/home/navi/Desktop/ros2_demo_1_1547429184/ros2_ws/src/install/ros2_pub_py/lib'
[2.677s] Level 1:colcon.colcon_core.environment:checking '/home/navi/Desktop/ros2_demo_1_1547429184/ros2_ws/src/install/ros2_pub_py/bin'
[2.677s] Level 1:colcon.colcon_core.environment:checking '/home/navi/Desktop/ros2_demo_1_1547429184/ros2_ws/src/install/ros2_pub_py/lib/pkgconfig/ros2_pub_py.pc'
[2.677s] Level 1:colcon.colcon_core.environment:checking '/home/navi/Desktop/ros2_demo_1_1547429184/ros2_ws/src/install/ros2_pub_py/lib/python3.6/site-packages'
[2.677s] Level 1:colcon.colcon_core.shell:create_environment_hook('ros2_pub_py', 'pythonpath')
[2.678s] INFO:colcon.colcon_core.shell:Creating environment hook '/home/navi/Desktop/ros2_demo_1_1547429184/ros2_ws/src/install/ros2_pub_py/share/ros2_pub_py/hook/pythonpath.ps1'
[2.679s] INFO:colcon.colcon_core.shell:Creating environment hook '/home/navi/Desktop/ros2_demo_1_1547429184/ros2_ws/src/install/ros2_pub_py/share/ros2_pub_py/hook/pythonpath.sh'
[2.680s] Level 1:colcon.colcon_core.environment:create_environment_scripts_only(ros2_pub_py)
[2.681s] INFO:colcon.colcon_core.shell:Creating package script '/home/navi/Desktop/ros2_demo_1_1547429184/ros2_ws/src/install/ros2_pub_py/share/ros2_pub_py/package.ps1'
[2.683s] INFO:colcon.colcon_core.shell:Creating package script '/home/navi/Desktop/ros2_demo_1_1547429184/ros2_ws/src/install/ros2_pub_py/share/ros2_pub_py/package.sh'
[2.685s] INFO:colcon.colcon_core.shell:Creating package script '/home/navi/Desktop/ros2_demo_1_1547429184/ros2_ws/src/install/ros2_pub_py/share/ros2_pub_py/package.bash'
[2.688s] INFO:colcon.colcon_core.shell:Creating package script '/home/navi/Desktop/ros2_demo_1_1547429184/ros2_ws/src/install/ros2_pub_py/share/ros2_pub_py/package.zsh'
[2.689s] Level 1:colcon.colcon_core.environment:create_file_with_runtime_dependencies(/home/navi/Desktop/ros2_demo_1_1547429184/ros2_ws/src/install/ros2_pub_py/share/colcon-core/packages/ros2_pub_py)
[2.691s] DEBUG:colcon.colcon_parallel_executor.executor.parallel:closing loop
[2.693s] DEBUG:colcon.colcon_parallel_executor.executor.parallel:loop closed
[2.693s] DEBUG:colcon.colcon_parallel_executor.executor.parallel:run_until_complete finished with '0'
[2.693s] DEBUG:colcon.colcon_core.event_reactor:joining thread
[2.708s] INFO:colcon.colcon_core.plugin_system:Skipping extension 'colcon_notification.desktop_notification.terminal_notifier': Not used on non-Darwin systems
[2.708s] INFO:colcon.colcon_core.plugin_system:Skipping extension 'colcon_notification.desktop_notification.win32': Not used on non-Windows systems
[2.709s] INFO:colcon.colcon_notification.desktop_notification:Sending desktop notification using 'notify2'
[2.725s] DEBUG:colcon.colcon_core.event_reactor:joined thread
[2.726s] INFO:colcon.colcon_core.shell:Creating prefix script '/home/navi/Desktop/ros2_demo_1_1547429184/ros2_ws/src/install/local_setup.ps1'
[2.731s] INFO:colcon.colcon_core.shell:Creating prefix chain script '/home/navi/Desktop/ros2_demo_1_1547429184/ros2_ws/src/install/setup.ps1'
[2.748s] INFO:colcon.colcon_core.shell:Creating prefix script '/home/navi/Desktop/ros2_demo_1_1547429184/ros2_ws/src/install/local_setup.sh'
[2.751s] INFO:colcon.colcon_core.shell:Creating prefix chain script '/home/navi/Desktop/ros2_demo_1_1547429184/ros2_ws/src/install/setup.sh'
[2.773s] INFO:colcon.colcon_core.shell:Creating prefix script '/home/navi/Desktop/ros2_demo_1_1547429184/ros2_ws/src/install/local_setup.bash'
[2.775s] INFO:colcon.colcon_core.shell:Creating prefix chain script '/home/navi/Desktop/ros2_demo_1_1547429184/ros2_ws/src/install/setup.bash'
[2.785s] INFO:colcon.colcon_core.shell:Creating prefix script '/home/navi/Desktop/ros2_demo_1_1547429184/ros2_ws/src/install/local_setup.zsh'
[2.790s] INFO:colcon.colcon_core.shell:Creating prefix chain script '/home/navi/Desktop/ros2_demo_1_1547429184/ros2_ws/src/install/setup.zsh'
