[0.147s] DEBUG:colcon:Command line arguments: ['/usr/bin/colcon', 'build', '--symlink-install']
[0.147s] DEBUG:colcon:Parsed command line arguments: Namespace(ament_cmake_args=None, base_paths='.', build_base='build', catkin_cmake_args=None, cmake_args=None, cmake_clean_cache=False, cmake_clean_first=False, cmake_force_configure=False, cmake_target=None, cmake_target_skip_unavailable=False, event_handlers=None, executor='parallel', ignore_user_meta=False, install_base='install', log_base='log', log_level=None, main=<bound method BuildVerb.main of <colcon_core.verb.build.BuildVerb object at 0x7fa5c5adc3c8>>, merge_install=False, metas='./colcon.meta', packages_above=None, packages_end=None, packages_ignore=None, packages_ignore_regex=None, packages_select=None, packages_select_by_dep=None, packages_select_regex=None, packages_skip=None, packages_skip_by_dep=None, packages_skip_regex=None, packages_start=None, packages_up_to=None, parallel_workers=2, paths=None, symlink_install=True, test_result_base=None, verb_extension=<colcon_core.verb.build.BuildVerb object at 0x7fa5c5adc3c8>, verb_name='build', verb_parser=<colcon_defaults.argument_parser.defaults.DefaultArgumentsDecorator object at 0x7fa5c5adc710>)
[0.187s] Level 1:colcon.colcon_core.package_discovery:discover_packages(colcon_meta) check parameters
[0.187s] Level 1:colcon.colcon_core.package_discovery:discover_packages(recursive) check parameters
[0.187s] Level 1:colcon.colcon_core.package_discovery:discover_packages(ignore) check parameters
[0.187s] Level 1:colcon.colcon_core.package_discovery:discover_packages(path) check parameters
[0.187s] Level 1:colcon.colcon_core.package_discovery:discover_packages(recursive) discover
[0.187s] INFO:colcon.colcon_core.package_discovery:Crawling recursively for packages in '/home/user/ros2_ws'
[0.187s] Level 1:colcon.colcon_core.package_identification:_identify(/home/user/ros2_ws) by extensions ['ignore', 'ignore_ament_install']
[0.188s] Level 1:colcon.colcon_core.package_identification:_identify(/home/user/ros2_ws) by extension 'ignore'
[0.188s] Level 1:colcon.colcon_core.package_identification:_identify(/home/user/ros2_ws) by extension 'ignore_ament_install'
[0.188s] Level 1:colcon.colcon_core.package_identification:_identify(/home/user/ros2_ws) by extensions ['colcon_pkg']
[0.188s] Level 1:colcon.colcon_core.package_identification:_identify(/home/user/ros2_ws) by extension 'colcon_pkg'
[0.188s] Level 1:colcon.colcon_core.package_identification:_identify(/home/user/ros2_ws) by extensions ['colcon_meta']
[0.188s] Level 1:colcon.colcon_core.package_identification:_identify(/home/user/ros2_ws) by extension 'colcon_meta'
[0.188s] Level 1:colcon.colcon_core.package_identification:_identify(/home/user/ros2_ws) by extensions ['ros']
[0.188s] Level 1:colcon.colcon_core.package_identification:_identify(/home/user/ros2_ws) by extension 'ros'
[0.200s] Level 1:colcon.colcon_core.package_identification:_identify(/home/user/ros2_ws) by extensions ['cmake', 'python']
[0.200s] Level 1:colcon.colcon_core.package_identification:_identify(/home/user/ros2_ws) by extension 'cmake'
[0.200s] Level 1:colcon.colcon_core.package_identification:_identify(/home/user/ros2_ws) by extension 'python'
[0.200s] Level 1:colcon.colcon_core.package_identification:_identify(/home/user/ros2_ws) by extensions ['python_setup_py']
[0.200s] Level 1:colcon.colcon_core.package_identification:_identify(/home/user/ros2_ws) by extension 'python_setup_py'
[0.201s] Level 1:colcon.colcon_core.package_identification:_identify(/home/user/ros2_ws/build) by extensions ['ignore', 'ignore_ament_install']
[0.201s] Level 1:colcon.colcon_core.package_identification:_identify(/home/user/ros2_ws/build) by extension 'ignore'
[0.201s] Level 1:colcon.colcon_core.package_identification:_identify(/home/user/ros2_ws/build) ignored
[0.201s] Level 1:colcon.colcon_core.package_identification:_identify(/home/user/ros2_ws/install) by extensions ['ignore', 'ignore_ament_install']
[0.201s] Level 1:colcon.colcon_core.package_identification:_identify(/home/user/ros2_ws/install) by extension 'ignore'
[0.201s] Level 1:colcon.colcon_core.package_identification:_identify(/home/user/ros2_ws/install) ignored
[0.201s] Level 1:colcon.colcon_core.package_identification:_identify(/home/user/ros2_ws/log) by extensions ['ignore', 'ignore_ament_install']
[0.202s] Level 1:colcon.colcon_core.package_identification:_identify(/home/user/ros2_ws/log) by extension 'ignore'
[0.202s] Level 1:colcon.colcon_core.package_identification:_identify(/home/user/ros2_ws/log) ignored
[0.202s] Level 1:colcon.colcon_core.package_identification:_identify(/home/user/ros2_ws/src) by extensions ['ignore', 'ignore_ament_install']
[0.202s] Level 1:colcon.colcon_core.package_identification:_identify(/home/user/ros2_ws/src) by extension 'ignore'
[0.202s] Level 1:colcon.colcon_core.package_identification:_identify(/home/user/ros2_ws/src) by extension 'ignore_ament_install'
[0.202s] Level 1:colcon.colcon_core.package_identification:_identify(/home/user/ros2_ws/src) by extensions ['colcon_pkg']
[0.202s] Level 1:colcon.colcon_core.package_identification:_identify(/home/user/ros2_ws/src) by extension 'colcon_pkg'
[0.202s] Level 1:colcon.colcon_core.package_identification:_identify(/home/user/ros2_ws/src) by extensions ['colcon_meta']
[0.202s] Level 1:colcon.colcon_core.package_identification:_identify(/home/user/ros2_ws/src) by extension 'colcon_meta'
[0.202s] Level 1:colcon.colcon_core.package_identification:_identify(/home/user/ros2_ws/src) by extensions ['ros']
[0.203s] Level 1:colcon.colcon_core.package_identification:_identify(/home/user/ros2_ws/src) by extension 'ros'
[0.203s] Level 1:colcon.colcon_core.package_identification:_identify(/home/user/ros2_ws/src) by extensions ['cmake', 'python']
[0.203s] Level 1:colcon.colcon_core.package_identification:_identify(/home/user/ros2_ws/src) by extension 'cmake'
[0.203s] Level 1:colcon.colcon_core.package_identification:_identify(/home/user/ros2_ws/src) by extension 'python'
[0.203s] Level 1:colcon.colcon_core.package_identification:_identify(/home/user/ros2_ws/src) by extensions ['python_setup_py']
[0.203s] Level 1:colcon.colcon_core.package_identification:_identify(/home/user/ros2_ws/src) by extension 'python_setup_py'
[0.203s] Level 1:colcon.colcon_core.package_identification:_identify(/home/user/ros2_ws/src/build) by extensions ['ignore', 'ignore_ament_install']
[0.203s] Level 1:colcon.colcon_core.package_identification:_identify(/home/user/ros2_ws/src/build) by extension 'ignore'
[0.203s] Level 1:colcon.colcon_core.package_identification:_identify(/home/user/ros2_ws/src/build) ignored
[0.204s] Level 1:colcon.colcon_core.package_identification:_identify(/home/user/ros2_ws/src/install) by extensions ['ignore', 'ignore_ament_install']
[0.204s] Level 1:colcon.colcon_core.package_identification:_identify(/home/user/ros2_ws/src/install) by extension 'ignore'
[0.204s] Level 1:colcon.colcon_core.package_identification:_identify(/home/user/ros2_ws/src/install) ignored
[0.204s] Level 1:colcon.colcon_core.package_identification:_identify(/home/user/ros2_ws/src/log) by extensions ['ignore', 'ignore_ament_install']
[0.204s] Level 1:colcon.colcon_core.package_identification:_identify(/home/user/ros2_ws/src/log) by extension 'ignore'
[0.204s] Level 1:colcon.colcon_core.package_identification:_identify(/home/user/ros2_ws/src/log) ignored
[0.204s] Level 1:colcon.colcon_core.package_identification:_identify(/home/user/ros2_ws/src/ros2_pub_py) by extensions ['ignore', 'ignore_ament_install']
[0.204s] Level 1:colcon.colcon_core.package_identification:_identify(/home/user/ros2_ws/src/ros2_pub_py) by extension 'ignore'
[0.204s] Level 1:colcon.colcon_core.package_identification:_identify(/home/user/ros2_ws/src/ros2_pub_py) by extension 'ignore_ament_install'
[0.205s] Level 1:colcon.colcon_core.package_identification:_identify(/home/user/ros2_ws/src/ros2_pub_py) by extensions ['colcon_pkg']
[0.205s] Level 1:colcon.colcon_core.package_identification:_identify(/home/user/ros2_ws/src/ros2_pub_py) by extension 'colcon_pkg'
[0.205s] Level 1:colcon.colcon_core.package_identification:_identify(/home/user/ros2_ws/src/ros2_pub_py) by extensions ['colcon_meta']
[0.205s] Level 1:colcon.colcon_core.package_identification:_identify(/home/user/ros2_ws/src/ros2_pub_py) by extension 'colcon_meta'
[0.205s] Level 1:colcon.colcon_core.package_identification:_identify(/home/user/ros2_ws/src/ros2_pub_py) by extensions ['ros']
[0.205s] Level 1:colcon.colcon_core.package_identification:_identify(/home/user/ros2_ws/src/ros2_pub_py) by extension 'ros'
[0.207s] DEBUG:colcon.colcon_core.package_identification:Package '/home/user/ros2_ws/src/ros2_pub_py' with type 'ros.ament_python' and name 'ros2_pub_py'
[0.207s] Level 1:colcon.colcon_core.package_discovery:discover_packages(recursive) using defaults
[0.211s] Level 5:colcon.colcon_core.verb:set package 'ros2_pub_py' build argument 'cmake_args' from command line to 'None'
[0.211s] Level 5:colcon.colcon_core.verb:set package 'ros2_pub_py' build argument 'cmake_target' from command line to 'None'
[0.211s] Level 5:colcon.colcon_core.verb:set package 'ros2_pub_py' build argument 'cmake_target_skip_unavailable' from command line to 'False'
[0.212s] Level 5:colcon.colcon_core.verb:set package 'ros2_pub_py' build argument 'cmake_clean_cache' from command line to 'False'
[0.212s] Level 5:colcon.colcon_core.verb:set package 'ros2_pub_py' build argument 'cmake_clean_first' from command line to 'False'
[0.212s] Level 5:colcon.colcon_core.verb:set package 'ros2_pub_py' build argument 'cmake_force_configure' from command line to 'False'
[0.212s] Level 5:colcon.colcon_core.verb:set package 'ros2_pub_py' build argument 'ament_cmake_args' from command line to 'None'
[0.212s] Level 5:colcon.colcon_core.verb:set package 'ros2_pub_py' build argument 'catkin_cmake_args' from command line to 'None'
[0.212s] DEBUG:colcon.colcon_core.verb:Building package 'ros2_pub_py' with the following arguments: {'ament_cmake_args': None, 'build_base': '/home/user/ros2_ws/build/ros2_pub_py', 'catkin_cmake_args': None, 'cmake_args': None, 'cmake_clean_cache': False, 'cmake_clean_first': False, 'cmake_force_configure': False, 'cmake_target': None, 'cmake_target_skip_unavailable': False, 'install_base': '/home/user/ros2_ws/install/ros2_pub_py', 'path': '/home/user/ros2_ws/src/ros2_pub_py', 'symlink_install': True, 'test_result_base': None}
[0.213s] INFO:colcon.colcon_core.executor:Executing jobs using 'parallel' executor
[0.214s] DEBUG:colcon.colcon_parallel_executor.executor.parallel:run_until_complete
[0.214s] INFO:colcon.colcon_ros.task.ament_python.build:Building ROS package in '/home/user/ros2_ws/src/ros2_pub_py' with build type 'ament_python'
[0.214s] Level 1:colcon.colcon_core.shell:create_environment_hook('ros2_pub_py', 'ament_prefix_path')
[0.220s] INFO:colcon.colcon_core.plugin_system:Skipping extension 'colcon_core.shell.bat': Not used on non-Windows systems
[0.220s] INFO:colcon.colcon_core.shell:Creating environment hook '/home/user/ros2_ws/install/ros2_pub_py/share/ros2_pub_py/hook/ament_prefix_path.ps1'
[0.220s] INFO:colcon.colcon_core.shell:Creating environment hook '/home/user/ros2_ws/install/ros2_pub_py/share/ros2_pub_py/hook/ament_prefix_path.sh'
[0.221s] INFO:colcon.colcon_core.task.python.build:Building Python package in '/home/user/ros2_ws/src/ros2_pub_py'
[0.222s] INFO:colcon.colcon_core.shell:Skip shell extension 'powershell' for command environment: Not usable outside of PowerShell
[0.490s] DEBUG:colcon.colcon_core.task.python.build:While undoing a previous installation files outside the Python library path are being ignored: /home/user/ros2_ws/install/ros2_pub_py/bin/sos_publisher
[0.496s] DEBUG:colcon.colcon_core.event_handler.log_command:Invoking command in '/home/user/ros2_ws/build/ros2_pub_py': PS1=${debian_chroot:+($debian_chroot)}\[\033[01;32m\]\u\[\033[00m\]:\[\033[01;34m\]\w\[\033[00m\]\$ PYTHONPATH=/home/user/ros2_ws/install/ros2_pub_py/lib/python3.6/site-packages:${PYTHONPATH} /usr/bin/python3 setup.py develop --prefix /home/user/ros2_ws/install/ros2_pub_py --no-deps
[0.908s] DEBUG:colcon.colcon_core.event_handler.log_command:Invoked command in '/home/user/ros2_ws/build/ros2_pub_py' returned '0': PS1=${debian_chroot:+($debian_chroot)}\[\033[01;32m\]\u\[\033[00m\]:\[\033[01;34m\]\w\[\033[00m\]\$ PYTHONPATH=/home/user/ros2_ws/install/ros2_pub_py/lib/python3.6/site-packages:${PYTHONPATH} /usr/bin/python3 setup.py develop --prefix /home/user/ros2_ws/install/ros2_pub_py --no-deps
[0.911s] Level 1:colcon.colcon_core.environment:checking '/home/user/ros2_ws/install/ros2_pub_py' for CMake module files
[0.912s] Level 1:colcon.colcon_core.environment:checking '/home/user/ros2_ws/install/ros2_pub_py' for CMake config files
[0.912s] Level 1:colcon.colcon_core.environment:checking '/home/user/ros2_ws/install/ros2_pub_py/lib'
[0.913s] Level 1:colcon.colcon_core.environment:checking '/home/user/ros2_ws/install/ros2_pub_py/bin'
[0.913s] Level 1:colcon.colcon_core.shell:create_environment_hook('ros2_pub_py', 'path')
[0.913s] INFO:colcon.colcon_core.shell:Creating environment hook '/home/user/ros2_ws/install/ros2_pub_py/share/ros2_pub_py/hook/path.ps1'
[0.914s] INFO:colcon.colcon_core.shell:Creating environment hook '/home/user/ros2_ws/install/ros2_pub_py/share/ros2_pub_py/hook/path.sh'
[0.914s] Level 1:colcon.colcon_core.environment:checking '/home/user/ros2_ws/install/ros2_pub_py/lib/pkgconfig/ros2_pub_py.pc'
[0.914s] Level 1:colcon.colcon_core.environment:checking '/home/user/ros2_ws/install/ros2_pub_py/lib/python3.6/site-packages'
[0.915s] Level 1:colcon.colcon_core.shell:create_environment_hook('ros2_pub_py', 'pythonpath')
[0.915s] INFO:colcon.colcon_core.shell:Creating environment hook '/home/user/ros2_ws/install/ros2_pub_py/share/ros2_pub_py/hook/pythonpath.ps1'
[0.916s] INFO:colcon.colcon_core.shell:Creating environment hook '/home/user/ros2_ws/install/ros2_pub_py/share/ros2_pub_py/hook/pythonpath.sh'
[0.916s] Level 1:colcon.colcon_core.environment:create_environment_scripts()
[0.917s] INFO:colcon.colcon_core.shell:Creating package script '/home/user/ros2_ws/install/ros2_pub_py/share/ros2_pub_py/package.ps1'
[0.918s] INFO:colcon.colcon_core.shell:Creating package script '/home/user/ros2_ws/install/ros2_pub_py/share/ros2_pub_py/package.sh'
[0.919s] INFO:colcon.colcon_core.shell:Creating package script '/home/user/ros2_ws/install/ros2_pub_py/share/ros2_pub_py/package.bash'
[0.920s] INFO:colcon.colcon_core.shell:Creating package script '/home/user/ros2_ws/install/ros2_pub_py/share/ros2_pub_py/package.zsh'
[0.921s] DEBUG:colcon.colcon_parallel_executor.executor.parallel:closing loop
[0.921s] DEBUG:colcon.colcon_parallel_executor.executor.parallel:loop closed
[0.922s] DEBUG:colcon.colcon_parallel_executor.executor.parallel:run_until_complete finished with '0'
[0.922s] DEBUG:colcon.colcon_core.event_reactor:joining thread
[0.929s] INFO:colcon.colcon_core.plugin_system:Skipping extension 'colcon_notification.desktop_notification.terminal_notifier': Not used on non-Darwin systems
[0.929s] INFO:colcon.colcon_core.plugin_system:Skipping extension 'colcon_notification.desktop_notification.win32': Not used on non-Windows systems
[0.929s] INFO:colcon.colcon_notification.desktop_notification:Sending desktop notification using 'notify2'
[25.943s] DEBUG:colcon.colcon_notification.desktop_notification.notify2:"Failed to initialize notify2: org.freedesktop.DBus.Error.NoReply: Did not receive a reply. Possible causes include: the remote application did not send a reply, the message bus security policy blocked the reply, the reply timeout expired, or the network connection was broken.
[25.944s] DEBUG:colcon.colcon_core.event_reactor:joined thread
[25.945s] INFO:colcon.colcon_core.shell:Creating prefix script '/home/user/ros2_ws/install/local_setup.ps1'
[25.946s] INFO:colcon.colcon_core.shell:Creating prefix chain script '/home/user/ros2_ws/install/setup.ps1'
[25.947s] INFO:colcon.colcon_core.shell:Creating prefix script '/home/user/ros2_ws/install/local_setup.sh'
[25.948s] INFO:colcon.colcon_core.shell:Creating prefix chain script '/home/user/ros2_ws/install/setup.sh'
[25.949s] INFO:colcon.colcon_core.shell:Creating prefix script '/home/user/ros2_ws/install/local_setup.bash'
[25.950s] INFO:colcon.colcon_core.shell:Creating prefix chain script '/home/user/ros2_ws/install/setup.bash'
[25.951s] INFO:colcon.colcon_core.shell:Creating prefix script '/home/user/ros2_ws/install/local_setup.zsh'
[25.951s] INFO:colcon.colcon_core.shell:Creating prefix chain script '/home/user/ros2_ws/install/setup.zsh'
