[0.718s] DEBUG:colcon:Command line arguments: ['/usr/bin/colcon', 'build']
[0.718s] DEBUG:colcon:Parsed command line arguments: Namespace(ament_cmake_args=None, base_paths='.', build_base='build', catkin_cmake_args=None, catkin_skip_building_tests=False, cmake_args=None, cmake_clean_cache=False, cmake_clean_first=False, cmake_force_configure=False, cmake_target=None, cmake_target_skip_unavailable=False, continue_on_error=False, event_handlers=None, executor='parallel', ignore_user_meta=False, install_base='install', log_base='log', log_level=None, main=<bound method BuildVerb.main of <colcon_core.verb.build.BuildVerb object at 0x7f89342253c8>>, merge_install=False, metas='./colcon.meta', packages_above=None, packages_above_depth=None, packages_end=None, packages_ignore=None, packages_ignore_regex=None, packages_select=None, packages_select_build_failed=False, packages_select_by_dep=None, packages_select_regex=None, packages_select_test_failures=False, packages_skip=None, packages_skip_build_finished=False, packages_skip_by_dep=None, packages_skip_regex=None, packages_skip_test_passed=False, packages_skip_up_to=None, packages_start=None, packages_up_to=None, parallel_workers=1, paths=None, symlink_install=False, test_result_base=None, verb_extension=<colcon_core.verb.build.BuildVerb object at 0x7f89342253c8>, verb_name='build', verb_parser=<colcon_defaults.argument_parser.defaults.DefaultArgumentsDecorator object at 0x7f89342256d8>)
[0.870s] Level 1:colcon.colcon_core.package_discovery:discover_packages(colcon_meta) check parameters
[0.871s] Level 1:colcon.colcon_core.package_discovery:discover_packages(recursive) check parameters
[0.871s] Level 1:colcon.colcon_core.package_discovery:discover_packages(ignore) check parameters
[0.871s] Level 1:colcon.colcon_core.package_discovery:discover_packages(path) check parameters
[0.871s] Level 1:colcon.colcon_core.package_discovery:discover_packages(recursive) discover
[0.872s] INFO:colcon.colcon_core.package_discovery:Crawling recursively for packages in '/home/navi/Desktop/ros2_demo_1_1547429184/ros2_ws'
[0.872s] Level 1:colcon.colcon_core.package_identification:_identify(/home/navi/Desktop/ros2_demo_1_1547429184/ros2_ws) by extensions ['ignore', 'ignore_ament_install']
[0.873s] Level 1:colcon.colcon_core.package_identification:_identify(/home/navi/Desktop/ros2_demo_1_1547429184/ros2_ws) by extension 'ignore'
[0.873s] Level 1:colcon.colcon_core.package_identification:_identify(/home/navi/Desktop/ros2_demo_1_1547429184/ros2_ws) by extension 'ignore_ament_install'
[0.874s] Level 1:colcon.colcon_core.package_identification:_identify(/home/navi/Desktop/ros2_demo_1_1547429184/ros2_ws) by extensions ['colcon_pkg']
[0.874s] Level 1:colcon.colcon_core.package_identification:_identify(/home/navi/Desktop/ros2_demo_1_1547429184/ros2_ws) by extension 'colcon_pkg'
[0.874s] Level 1:colcon.colcon_core.package_identification:_identify(/home/navi/Desktop/ros2_demo_1_1547429184/ros2_ws) by extensions ['colcon_meta']
[0.875s] Level 1:colcon.colcon_core.package_identification:_identify(/home/navi/Desktop/ros2_demo_1_1547429184/ros2_ws) by extension 'colcon_meta'
[0.875s] Level 1:colcon.colcon_core.package_identification:_identify(/home/navi/Desktop/ros2_demo_1_1547429184/ros2_ws) by extensions ['ros']
[0.875s] Level 1:colcon.colcon_core.package_identification:_identify(/home/navi/Desktop/ros2_demo_1_1547429184/ros2_ws) by extension 'ros'
[0.928s] Level 1:colcon.colcon_core.package_identification:_identify(/home/navi/Desktop/ros2_demo_1_1547429184/ros2_ws) by extensions ['cmake', 'python']
[0.928s] Level 1:colcon.colcon_core.package_identification:_identify(/home/navi/Desktop/ros2_demo_1_1547429184/ros2_ws) by extension 'cmake'
[0.929s] Level 1:colcon.colcon_core.package_identification:_identify(/home/navi/Desktop/ros2_demo_1_1547429184/ros2_ws) by extension 'python'
[0.929s] Level 1:colcon.colcon_core.package_identification:_identify(/home/navi/Desktop/ros2_demo_1_1547429184/ros2_ws) by extensions ['python_setup_py']
[0.930s] Level 1:colcon.colcon_core.package_identification:_identify(/home/navi/Desktop/ros2_demo_1_1547429184/ros2_ws) by extension 'python_setup_py'
[0.931s] Level 1:colcon.colcon_core.package_identification:_identify(/home/navi/Desktop/ros2_demo_1_1547429184/ros2_ws/build) by extensions ['ignore', 'ignore_ament_install']
[0.937s] Level 1:colcon.colcon_core.package_identification:_identify(/home/navi/Desktop/ros2_demo_1_1547429184/ros2_ws/build) by extension 'ignore'
[0.937s] Level 1:colcon.colcon_core.package_identification:_identify(/home/navi/Desktop/ros2_demo_1_1547429184/ros2_ws/build) ignored
[0.939s] Level 1:colcon.colcon_core.package_identification:_identify(/home/navi/Desktop/ros2_demo_1_1547429184/ros2_ws/install) by extensions ['ignore', 'ignore_ament_install']
[0.940s] Level 1:colcon.colcon_core.package_identification:_identify(/home/navi/Desktop/ros2_demo_1_1547429184/ros2_ws/install) by extension 'ignore'
[0.940s] Level 1:colcon.colcon_core.package_identification:_identify(/home/navi/Desktop/ros2_demo_1_1547429184/ros2_ws/install) ignored
[0.944s] Level 1:colcon.colcon_core.package_identification:_identify(/home/navi/Desktop/ros2_demo_1_1547429184/ros2_ws/log) by extensions ['ignore', 'ignore_ament_install']
[0.945s] Level 1:colcon.colcon_core.package_identification:_identify(/home/navi/Desktop/ros2_demo_1_1547429184/ros2_ws/log) by extension 'ignore'
[0.946s] Level 1:colcon.colcon_core.package_identification:_identify(/home/navi/Desktop/ros2_demo_1_1547429184/ros2_ws/log) ignored
[0.946s] Level 1:colcon.colcon_core.package_identification:_identify(/home/navi/Desktop/ros2_demo_1_1547429184/ros2_ws/src) by extensions ['ignore', 'ignore_ament_install']
[0.947s] Level 1:colcon.colcon_core.package_identification:_identify(/home/navi/Desktop/ros2_demo_1_1547429184/ros2_ws/src) by extension 'ignore'
[0.948s] Level 1:colcon.colcon_core.package_identification:_identify(/home/navi/Desktop/ros2_demo_1_1547429184/ros2_ws/src) by extension 'ignore_ament_install'
[0.948s] Level 1:colcon.colcon_core.package_identification:_identify(/home/navi/Desktop/ros2_demo_1_1547429184/ros2_ws/src) by extensions ['colcon_pkg']
[0.953s] Level 1:colcon.colcon_core.package_identification:_identify(/home/navi/Desktop/ros2_demo_1_1547429184/ros2_ws/src) by extension 'colcon_pkg'
[0.954s] Level 1:colcon.colcon_core.package_identification:_identify(/home/navi/Desktop/ros2_demo_1_1547429184/ros2_ws/src) by extensions ['colcon_meta']
[0.954s] Level 1:colcon.colcon_core.package_identification:_identify(/home/navi/Desktop/ros2_demo_1_1547429184/ros2_ws/src) by extension 'colcon_meta'
[0.955s] Level 1:colcon.colcon_core.package_identification:_identify(/home/navi/Desktop/ros2_demo_1_1547429184/ros2_ws/src) by extensions ['ros']
[0.955s] Level 1:colcon.colcon_core.package_identification:_identify(/home/navi/Desktop/ros2_demo_1_1547429184/ros2_ws/src) by extension 'ros'
[0.956s] Level 1:colcon.colcon_core.package_identification:_identify(/home/navi/Desktop/ros2_demo_1_1547429184/ros2_ws/src) by extensions ['cmake', 'python']
[0.960s] Level 1:colcon.colcon_core.package_identification:_identify(/home/navi/Desktop/ros2_demo_1_1547429184/ros2_ws/src) by extension 'cmake'
[0.961s] Level 1:colcon.colcon_core.package_identification:_identify(/home/navi/Desktop/ros2_demo_1_1547429184/ros2_ws/src) by extension 'python'
[0.961s] Level 1:colcon.colcon_core.package_identification:_identify(/home/navi/Desktop/ros2_demo_1_1547429184/ros2_ws/src) by extensions ['python_setup_py']
[0.962s] Level 1:colcon.colcon_core.package_identification:_identify(/home/navi/Desktop/ros2_demo_1_1547429184/ros2_ws/src) by extension 'python_setup_py'
[0.963s] Level 1:colcon.colcon_core.package_identification:_identify(/home/navi/Desktop/ros2_demo_1_1547429184/ros2_ws/src/build) by extensions ['ignore', 'ignore_ament_install']
[0.963s] Level 1:colcon.colcon_core.package_identification:_identify(/home/navi/Desktop/ros2_demo_1_1547429184/ros2_ws/src/build) by extension 'ignore'
[0.963s] Level 1:colcon.colcon_core.package_identification:_identify(/home/navi/Desktop/ros2_demo_1_1547429184/ros2_ws/src/build) ignored
[0.964s] Level 1:colcon.colcon_core.package_identification:_identify(/home/navi/Desktop/ros2_demo_1_1547429184/ros2_ws/src/install) by extensions ['ignore', 'ignore_ament_install']
[0.964s] Level 1:colcon.colcon_core.package_identification:_identify(/home/navi/Desktop/ros2_demo_1_1547429184/ros2_ws/src/install) by extension 'ignore'
[0.969s] Level 1:colcon.colcon_core.package_identification:_identify(/home/navi/Desktop/ros2_demo_1_1547429184/ros2_ws/src/install) ignored
[0.970s] Level 1:colcon.colcon_core.package_identification:_identify(/home/navi/Desktop/ros2_demo_1_1547429184/ros2_ws/src/launch) by extensions ['ignore', 'ignore_ament_install']
[0.970s] Level 1:colcon.colcon_core.package_identification:_identify(/home/navi/Desktop/ros2_demo_1_1547429184/ros2_ws/src/launch) by extension 'ignore'
[0.971s] Level 1:colcon.colcon_core.package_identification:_identify(/home/navi/Desktop/ros2_demo_1_1547429184/ros2_ws/src/launch) by extension 'ignore_ament_install'
[0.971s] Level 1:colcon.colcon_core.package_identification:_identify(/home/navi/Desktop/ros2_demo_1_1547429184/ros2_ws/src/launch) by extensions ['colcon_pkg']
[0.972s] Level 1:colcon.colcon_core.package_identification:_identify(/home/navi/Desktop/ros2_demo_1_1547429184/ros2_ws/src/launch) by extension 'colcon_pkg'
[0.977s] Level 1:colcon.colcon_core.package_identification:_identify(/home/navi/Desktop/ros2_demo_1_1547429184/ros2_ws/src/launch) by extensions ['colcon_meta']
[0.978s] Level 1:colcon.colcon_core.package_identification:_identify(/home/navi/Desktop/ros2_demo_1_1547429184/ros2_ws/src/launch) by extension 'colcon_meta'
[0.978s] Level 1:colcon.colcon_core.package_identification:_identify(/home/navi/Desktop/ros2_demo_1_1547429184/ros2_ws/src/launch) by extensions ['ros']
[0.978s] Level 1:colcon.colcon_core.package_identification:_identify(/home/navi/Desktop/ros2_demo_1_1547429184/ros2_ws/src/launch) by extension 'ros'
[0.979s] Level 1:colcon.colcon_core.package_identification:_identify(/home/navi/Desktop/ros2_demo_1_1547429184/ros2_ws/src/launch) by extensions ['cmake', 'python']
[0.979s] Level 1:colcon.colcon_core.package_identification:_identify(/home/navi/Desktop/ros2_demo_1_1547429184/ros2_ws/src/launch) by extension 'cmake'
[0.980s] Level 1:colcon.colcon_core.package_identification:_identify(/home/navi/Desktop/ros2_demo_1_1547429184/ros2_ws/src/launch) by extension 'python'
[0.980s] Level 1:colcon.colcon_core.package_identification:_identify(/home/navi/Desktop/ros2_demo_1_1547429184/ros2_ws/src/launch) by extensions ['python_setup_py']
[0.981s] Level 1:colcon.colcon_core.package_identification:_identify(/home/navi/Desktop/ros2_demo_1_1547429184/ros2_ws/src/launch) by extension 'python_setup_py'
[0.986s] Level 1:colcon.colcon_core.package_identification:_identify(/home/navi/Desktop/ros2_demo_1_1547429184/ros2_ws/src/log) by extensions ['ignore', 'ignore_ament_install']
[0.987s] Level 1:colcon.colcon_core.package_identification:_identify(/home/navi/Desktop/ros2_demo_1_1547429184/ros2_ws/src/log) by extension 'ignore'
[0.989s] Level 1:colcon.colcon_core.package_identification:_identify(/home/navi/Desktop/ros2_demo_1_1547429184/ros2_ws/src/log) ignored
[0.990s] Level 1:colcon.colcon_core.package_identification:_identify(/home/navi/Desktop/ros2_demo_1_1547429184/ros2_ws/src/ros2_pub_py) by extensions ['ignore', 'ignore_ament_install']
[0.991s] Level 1:colcon.colcon_core.package_identification:_identify(/home/navi/Desktop/ros2_demo_1_1547429184/ros2_ws/src/ros2_pub_py) by extension 'ignore'
[0.992s] Level 1:colcon.colcon_core.package_identification:_identify(/home/navi/Desktop/ros2_demo_1_1547429184/ros2_ws/src/ros2_pub_py) by extension 'ignore_ament_install'
[0.997s] Level 1:colcon.colcon_core.package_identification:_identify(/home/navi/Desktop/ros2_demo_1_1547429184/ros2_ws/src/ros2_pub_py) by extensions ['colcon_pkg']
[0.997s] Level 1:colcon.colcon_core.package_identification:_identify(/home/navi/Desktop/ros2_demo_1_1547429184/ros2_ws/src/ros2_pub_py) by extension 'colcon_pkg'
[0.998s] Level 1:colcon.colcon_core.package_identification:_identify(/home/navi/Desktop/ros2_demo_1_1547429184/ros2_ws/src/ros2_pub_py) by extensions ['colcon_meta']
[1.006s] Level 1:colcon.colcon_core.package_identification:_identify(/home/navi/Desktop/ros2_demo_1_1547429184/ros2_ws/src/ros2_pub_py) by extension 'colcon_meta'
[1.006s] Level 1:colcon.colcon_core.package_identification:_identify(/home/navi/Desktop/ros2_demo_1_1547429184/ros2_ws/src/ros2_pub_py) by extensions ['ros']
[1.007s] Level 1:colcon.colcon_core.package_identification:_identify(/home/navi/Desktop/ros2_demo_1_1547429184/ros2_ws/src/ros2_pub_py) by extension 'ros'
[1.038s] DEBUG:colcon.colcon_core.package_identification:Package '/home/navi/Desktop/ros2_demo_1_1547429184/ros2_ws/src/ros2_pub_py' with type 'ros.ament_python' and name 'ros2_pub_py'
[1.038s] Level 1:colcon.colcon_core.package_discovery:discover_packages(recursive) using defaults
[1.078s] Level 5:colcon.colcon_core.verb:set package 'ros2_pub_py' build argument 'cmake_args' from command line to 'None'
[1.079s] Level 5:colcon.colcon_core.verb:set package 'ros2_pub_py' build argument 'cmake_target' from command line to 'None'
[1.079s] Level 5:colcon.colcon_core.verb:set package 'ros2_pub_py' build argument 'cmake_target_skip_unavailable' from command line to 'False'
[1.079s] Level 5:colcon.colcon_core.verb:set package 'ros2_pub_py' build argument 'cmake_clean_cache' from command line to 'False'
[1.079s] Level 5:colcon.colcon_core.verb:set package 'ros2_pub_py' build argument 'cmake_clean_first' from command line to 'False'
[1.079s] Level 5:colcon.colcon_core.verb:set package 'ros2_pub_py' build argument 'cmake_force_configure' from command line to 'False'
[1.080s] Level 5:colcon.colcon_core.verb:set package 'ros2_pub_py' build argument 'ament_cmake_args' from command line to 'None'
[1.080s] Level 5:colcon.colcon_core.verb:set package 'ros2_pub_py' build argument 'catkin_cmake_args' from command line to 'None'
[1.080s] Level 5:colcon.colcon_core.verb:set package 'ros2_pub_py' build argument 'catkin_skip_building_tests' from command line to 'False'
[1.080s] DEBUG:colcon.colcon_core.verb:Building package 'ros2_pub_py' with the following arguments: {'ament_cmake_args': None, 'build_base': '/home/navi/Desktop/ros2_demo_1_1547429184/ros2_ws/build/ros2_pub_py', 'catkin_cmake_args': None, 'catkin_skip_building_tests': False, 'cmake_args': None, 'cmake_clean_cache': False, 'cmake_clean_first': False, 'cmake_force_configure': False, 'cmake_target': None, 'cmake_target_skip_unavailable': False, 'install_base': '/home/navi/Desktop/ros2_demo_1_1547429184/ros2_ws/install/ros2_pub_py', 'merge_install': False, 'path': '/home/navi/Desktop/ros2_demo_1_1547429184/ros2_ws/src/ros2_pub_py', 'symlink_install': False, 'test_result_base': None}
[1.093s] INFO:colcon.colcon_core.executor:Executing jobs using 'parallel' executor
[1.095s] DEBUG:colcon.colcon_parallel_executor.executor.parallel:run_until_complete
[1.096s] INFO:colcon.colcon_ros.task.ament_python.build:Building ROS package in '/home/navi/Desktop/ros2_demo_1_1547429184/ros2_ws/src/ros2_pub_py' with build type 'ament_python'
[1.097s] Level 1:colcon.colcon_core.shell:create_environment_hook('ros2_pub_py', 'ament_prefix_path')
[1.129s] INFO:colcon.colcon_core.plugin_system:Skipping extension 'colcon_core.shell.bat': Not used on non-Windows systems
[1.130s] INFO:colcon.colcon_core.shell:Creating environment hook '/home/navi/Desktop/ros2_demo_1_1547429184/ros2_ws/install/ros2_pub_py/share/ros2_pub_py/hook/ament_prefix_path.ps1'
[1.147s] INFO:colcon.colcon_core.shell:Creating environment hook '/home/navi/Desktop/ros2_demo_1_1547429184/ros2_ws/install/ros2_pub_py/share/ros2_pub_py/hook/ament_prefix_path.sh'
[1.156s] INFO:colcon.colcon_core.task.python.build:Building Python package in '/home/navi/Desktop/ros2_demo_1_1547429184/ros2_ws/src/ros2_pub_py'
[1.164s] INFO:colcon.colcon_core.shell:Skip shell extension 'powershell' for command environment: Not usable outside of PowerShell
[1.183s] DEBUG:colcon.colcon_core.shell:Ignoring prefix path '/opt/ros/crystal'
[1.183s] DEBUG:colcon.colcon_core.shell:Ignoring prefix path '/home/navi/catkin_ws/devel'
[1.184s] DEBUG:colcon.colcon_core.shell:Ignoring prefix path '/opt/ros/melodic'
[2.334s] DEBUG:colcon.colcon_parallel_executor.executor.parallel:closing loop
[2.335s] DEBUG:colcon.colcon_parallel_executor.executor.parallel:loop closed
[2.335s] DEBUG:colcon.colcon_parallel_executor.executor.parallel:run_until_complete finished with 'Command '['/usr/bin/python3', '-c', "import sys;sys.path.insert(0, '/usr/lib/python3');from colcon_python_setup_py.package_identification.python_setup_py import get_setup_arguments;output = repr(get_setup_arguments('/home/navi/Desktop/ros2_demo_1_1547429184/ros2_ws/src/ros2_pub_py/setup.py'));sys.stdout.buffer.write(output.encode('utf-8'))"]' returned non-zero exit status 1.'
[2.335s] DEBUG:colcon.colcon_core.event_reactor:joining thread
[2.383s] INFO:colcon.colcon_core.plugin_system:Skipping extension 'colcon_notification.desktop_notification.terminal_notifier': Not used on non-Darwin systems
[2.384s] INFO:colcon.colcon_core.plugin_system:Skipping extension 'colcon_notification.desktop_notification.win32': Not used on non-Windows systems
[2.384s] INFO:colcon.colcon_notification.desktop_notification:Sending desktop notification using 'notify2'
[2.414s] DEBUG:colcon.colcon_core.event_reactor:joined thread
[2.419s] INFO:colcon.colcon_core.shell:Creating prefix script '/home/navi/Desktop/ros2_demo_1_1547429184/ros2_ws/install/local_setup.ps1'
[2.427s] INFO:colcon.colcon_core.shell:Creating prefix chain script '/home/navi/Desktop/ros2_demo_1_1547429184/ros2_ws/install/setup.ps1'
[2.436s] INFO:colcon.colcon_core.shell:Creating prefix script '/home/navi/Desktop/ros2_demo_1_1547429184/ros2_ws/install/local_setup.sh'
[2.443s] INFO:colcon.colcon_core.shell:Creating prefix chain script '/home/navi/Desktop/ros2_demo_1_1547429184/ros2_ws/install/setup.sh'
[2.461s] INFO:colcon.colcon_core.shell:Creating prefix script '/home/navi/Desktop/ros2_demo_1_1547429184/ros2_ws/install/local_setup.bash'
[2.462s] INFO:colcon.colcon_core.shell:Creating prefix chain script '/home/navi/Desktop/ros2_demo_1_1547429184/ros2_ws/install/setup.bash'
[2.471s] INFO:colcon.colcon_core.shell:Creating prefix script '/home/navi/Desktop/ros2_demo_1_1547429184/ros2_ws/install/local_setup.zsh'
[2.472s] INFO:colcon.colcon_core.shell:Creating prefix chain script '/home/navi/Desktop/ros2_demo_1_1547429184/ros2_ws/install/setup.zsh'
